2019-06-15 17:25:42.3325|INFO| 

 
2019-06-15 17:25:42.6477|INFO| *** Application Started ***
Welcome to the Chop9ja API
Built by Prince Owen
Under the supervision of Dev-Lynx Technologies
Copyright 2019.
All rights reserved.

 
2019-06-15 17:25:57.6618|DEBUG| Successfully registered the service provider 
2019-06-15 17:25:58.0033|DEBUG| Hosting starting 
2019-06-15 17:25:58.7717|INFO| User profile is available. Using 'C:\Users\princ\AppData\Local\ASP.NET\DataProtection-Keys' as key repository and Windows DPAPI to encrypt keys at rest. 
2019-06-15 17:25:58.8060|DEBUG| Reading data from file 'C:\Users\princ\AppData\Local\ASP.NET\DataProtection-Keys\key-18916efd-b695-4d36-b241-b546bb59b759.xml'. 
2019-06-15 17:25:59.1325|DEBUG| Reading data from file 'C:\Users\princ\AppData\Local\ASP.NET\DataProtection-Keys\key-26184869-4bd5-4412-8f9e-5a00a9bed5d6.xml'. 
2019-06-15 17:25:59.2139|DEBUG| Found key {18916efd-b695-4d36-b241-b546bb59b759}. 
2019-06-15 17:25:59.2509|DEBUG| Found key {26184869-4bd5-4412-8f9e-5a00a9bed5d6}. 
2019-06-15 17:25:59.2968|DEBUG| Considering key {18916efd-b695-4d36-b241-b546bb59b759} with expiration date 2019-07-05 14:21:07Z as default key. 
2019-06-15 17:25:59.4330|DEBUG| Forwarded activator type request from Microsoft.AspNetCore.DataProtection.XmlEncryption.DpapiXmlDecryptor, Microsoft.AspNetCore.DataProtection, Version=2.1.1.0, Culture=neutral, PublicKeyToken=adb9793829ddae60 to Microsoft.AspNetCore.DataProtection.XmlEncryption.DpapiXmlDecryptor, Microsoft.AspNetCore.DataProtection, Culture=neutral, PublicKeyToken=adb9793829ddae60 
2019-06-15 17:25:59.4828|DEBUG| Decrypting secret element using Windows DPAPI. 
2019-06-15 17:25:59.4992|DEBUG| Forwarded activator type request from Microsoft.AspNetCore.DataProtection.AuthenticatedEncryption.ConfigurationModel.AuthenticatedEncryptorDescriptorDeserializer, Microsoft.AspNetCore.DataProtection, Version=2.1.1.0, Culture=neutral, PublicKeyToken=adb9793829ddae60 to Microsoft.AspNetCore.DataProtection.AuthenticatedEncryption.ConfigurationModel.AuthenticatedEncryptorDescriptorDeserializer, Microsoft.AspNetCore.DataProtection, Culture=neutral, PublicKeyToken=adb9793829ddae60 
2019-06-15 17:25:59.5243|DEBUG| Opening CNG algorithm 'AES' from provider '(null)' with chaining mode CBC. 
2019-06-15 17:25:59.5520|DEBUG| Opening CNG algorithm 'SHA256' from provider '(null)' with HMAC. 
2019-06-15 17:25:59.5706|DEBUG| Using key {18916efd-b695-4d36-b241-b546bb59b759} as the default key. 
2019-06-15 17:25:59.5845|DEBUG| Key ring with default key {18916efd-b695-4d36-b241-b546bb59b759} was loaded during application startup. 
2019-06-15 17:26:01.0065|DEBUG| An 'IServiceProvider' was created for internal use by Entity Framework. 
2019-06-15 17:26:04.1806|DEBUG| Chop9ja API has successfully been initialized. 
2019-06-15 17:26:04.3633|DEBUG| Compatibility switch AllowInputFormatterExceptionMessages in type MvcJsonOptions is using compatibility value True for version Version_2_2 
2019-06-15 17:26:04.4524|DEBUG| Compatibility switch AllowCombiningAuthorizeFilters in type MvcOptions is using compatibility value True for version Version_2_2 
2019-06-15 17:26:04.4733|DEBUG| Compatibility switch AllowBindingHeaderValuesToNonStringModelTypes in type MvcOptions is using compatibility value True for version Version_2_2 
2019-06-15 17:26:04.5101|DEBUG| Compatibility switch AllowValidatingTopLevelNodes in type MvcOptions is using compatibility value True for version Version_2_2 
2019-06-15 17:26:04.5282|DEBUG| Compatibility switch InputFormatterExceptionPolicy in type MvcOptions is using compatibility value MalformedInputExceptions for version Version_2_2 
2019-06-15 17:26:04.5402|DEBUG| Compatibility switch SuppressBindingUndefinedValueToEnumType in type MvcOptions is using compatibility value True for version Version_2_2 
2019-06-15 17:26:04.5576|DEBUG| Compatibility switch EnableEndpointRouting in type MvcOptions is using compatibility value True for version Version_2_2 
2019-06-15 17:26:04.5728|DEBUG| Compatibility switch MaxValidationDepth in type MvcOptions is using compatibility value 32 for version Version_2_2 
2019-06-15 17:26:04.5817|DEBUG| Compatibility switch AllowShortCircuitingValidationWhenNoValidatorsArePresent in type MvcOptions is using compatibility value True for version Version_2_2 
2019-06-15 17:26:04.6080|DEBUG| Compatibility switch SuppressMapClientErrors in type ApiBehaviorOptions is using default value False 
2019-06-15 17:26:04.6248|DEBUG| Compatibility switch SuppressUseValidationProblemDetailsForInvalidModelStateResponses in type ApiBehaviorOptions is using default value False 
2019-06-15 17:26:04.6392|DEBUG| Compatibility switch AllowInferringBindingSourceForCollectionTypesAsFromQuery in type ApiBehaviorOptions is using default value False 
2019-06-15 17:26:04.6822|DEBUG| Compatibility switch AllowAreas in type RazorPagesOptions is using compatibility value True for version Version_2_2 
2019-06-15 17:26:04.6935|DEBUG| Compatibility switch AllowMappingHeadRequestsToGetHandler in type RazorPagesOptions is using compatibility value True for version Version_2_2 
2019-06-15 17:26:04.7087|DEBUG| Compatibility switch AllowDefaultHandlingForOptionsRequests in type RazorPagesOptions is using compatibility value True for version Version_2_2 
2019-06-15 17:26:04.8539|DEBUG| Compatibility switch AllowRecompilingViewsOnFileChange in type RazorViewEngineOptions is using default value False 
2019-06-15 17:26:04.9561|DEBUG| Compatibility switch SuppressTempDataAttributePrefix in type MvcViewOptions is using compatibility value True for version Version_2_2 
2019-06-15 17:26:04.9561|DEBUG| Compatibility switch AllowRenderingMaxLengthAttribute in type MvcViewOptions is using compatibility value True for version Version_2_2 
2019-06-15 17:26:04.9972|DEBUG| Registered model binder providers, in the following order: Microsoft.AspNetCore.Mvc.ModelBinding.Binders.BinderTypeModelBinderProvider, Microsoft.AspNetCore.Mvc.ModelBinding.Binders.ServicesModelBinderProvider, Microsoft.AspNetCore.Mvc.ModelBinding.Binders.BodyModelBinderProvider, Microsoft.AspNetCore.Mvc.ModelBinding.Binders.HeaderModelBinderProvider, Microsoft.AspNetCore.Mvc.ModelBinding.Binders.FloatingPointTypeModelBinderProvider, Microsoft.AspNetCore.Mvc.ModelBinding.Binders.EnumTypeModelBinderProvider, Microsoft.AspNetCore.Mvc.ModelBinding.Binders.SimpleTypeModelBinderProvider, Microsoft.AspNetCore.Mvc.ModelBinding.Binders.CancellationTokenModelBinderProvider, Microsoft.AspNetCore.Mvc.ModelBinding.Binders.ByteArrayModelBinderProvider, Microsoft.AspNetCore.Mvc.ModelBinding.Binders.FormFileModelBinderProvider, Microsoft.AspNetCore.Mvc.ModelBinding.Binders.FormCollectionModelBinderProvider, Microsoft.AspNetCore.Mvc.ModelBinding.Binders.KeyValuePairModelBinderProvider, Microsoft.AspNetCore.Mvc.ModelBinding.Binders.DictionaryModelBinderProvider, Microsoft.AspNetCore.Mvc.ModelBinding.Binders.ArrayModelBinderProvider, Microsoft.AspNetCore.Mvc.ModelBinding.Binders.CollectionModelBinderProvider, Microsoft.AspNetCore.Mvc.ModelBinding.Binders.ComplexTypeModelBinderProvider 
2019-06-15 17:26:05.2989|DEBUG| Failed to locate the development https certificate at '(null)'. 
2019-06-15 17:26:05.7288|DEBUG| Using development certificate: CN=localhost (Thumbprint: 4B845F03251A4DEAA09BCDC8D71B07E89C2A21D6) 
2019-06-15 17:26:05.7445|DEBUG| No listening endpoints were configured. Binding to http://localhost:5000 and https://localhost:5001 by default. 
2019-06-15 17:26:05.7577|DEBUG| Hosting started 
2019-06-15 17:26:05.7677|DEBUG| Loaded hosting startup assembly Chop9ja.API 
2019-06-15 17:26:41.2487|DEBUG| Connection id "0HLNHLOVO830O" started. 
2019-06-15 17:26:41.7303|DEBUG| Connection id "0HLNHLOVO830O" received FIN. 
2019-06-15 17:26:41.7505|DEBUG| Connection id "0HLNHLOVO830P" started. 
2019-06-15 17:26:41.7818|DEBUG| Connection id "0HLNHLOVO830O" sending FIN because: "The client closed the connection." 
2019-06-15 17:26:41.8139|DEBUG| Connection id "0HLNHLOVO830O" disconnecting. 
2019-06-15 17:26:41.8540|DEBUG| Connection id "0HLNHLOVO830O" stopped. 
2019-06-15 17:26:41.8814|INFO| Connection id "0HLNHLOVO830P" bad request data: "Invalid request line: '\x16\x03\x01\x01\x01\x01\x00\x00\xFD\x03\x03\xE0\x99\xE0l\xB6\xB0\xAC\xC4@6\x0E\xC6\x04wo`\xB8\xE6\x96\xEBQR\xEC\xE0\xB4Kt\xE0'p\xC0\x12\x00\x00n\xC0/\xC0+\xC00\xC0,\x00\x9E\xC0'\x00g\xC0(\x00k\xC0$\xC0\x14\xC0\x0A'" Microsoft.AspNetCore.Server.Kestrel.Core.BadHttpRequestException: Invalid request line: '\x16\x03\x01\x01\x01\x01\x00\x00\xFD\x03\x03\xE0\x99\xE0l\xB6\xB0\xAC\xC4@6\x0E\xC6\x04wo`\xB8\xE6\x96\xEBQR\xEC\xE0\xB4Kt\xE0'p\xC0\x12\x00\x00n\xC0/\xC0+\xC00\xC0,\x00\x9E\xC0'\x00g\xC0(\x00k\xC0$\xC0\x14\xC0\x0A'
   at Microsoft.AspNetCore.Server.Kestrel.Core.Internal.Http.HttpParser`1.RejectRequestLine(Byte* requestLine, Int32 length)
   at Microsoft.AspNetCore.Server.Kestrel.Core.Internal.Http.HttpParser`1.GetUnknownMethod(Byte* data, Int32 length, Int32& methodLength)
   at Microsoft.AspNetCore.Server.Kestrel.Core.Internal.Http.HttpParser`1.ParseRequestLine(TRequestHandler handler, Byte* data, Int32 length)
   at Microsoft.AspNetCore.Server.Kestrel.Core.Internal.Http.HttpParser`1.ParseRequestLine(TRequestHandler handler, ReadOnlySequence`1& buffer, SequencePosition& consumed, SequencePosition& examined)
   at Microsoft.AspNetCore.Server.Kestrel.Core.Internal.Http.HttpParser`1.Microsoft.AspNetCore.Server.Kestrel.Core.Internal.Http.IHttpParser<TRequestHandler>.ParseRequestLine(TRequestHandler handler, ReadOnlySequence`1& buffer, SequencePosition& consumed, SequencePosition& examined)
   at Microsoft.AspNetCore.Server.Kestrel.Core.Internal.Http.Http1Connection.TakeStartLine(ReadOnlySequence`1 buffer, SequencePosition& consumed, SequencePosition& examined)
   at Microsoft.AspNetCore.Server.Kestrel.Core.Internal.Http.Http1Connection.ParseRequest(ReadOnlySequence`1 buffer, SequencePosition& consumed, SequencePosition& examined)
   at Microsoft.AspNetCore.Server.Kestrel.Core.Internal.Http.Http1Connection.TryParseRequest(ReadResult result, Boolean& endConnection)
   at Microsoft.AspNetCore.Server.Kestrel.Core.Internal.Http.HttpProtocol.ProcessRequests[TContext](IHttpApplication`1 application)
   at Microsoft.AspNetCore.Server.Kestrel.Core.Internal.Http.HttpProtocol.ProcessRequestsAsync[TContext](IHttpApplication`1 application)
2019-06-15 17:26:47.8197|DEBUG| Connection id "0HLNHLOVO830P" disconnecting. 
2019-06-15 17:26:47.8197|DEBUG| Connection id "0HLNHLOVO830P" sending FIN because: "The Socket transport's send loop completed gracefully." 
2019-06-15 17:26:47.8400|DEBUG| Connection id "0HLNHLOVO830P" stopped. 
2019-06-15 17:33:11.9651|DEBUG| Connection id "0HLNHLOVO830Q" started. 
2019-06-15 17:33:12.0097|DEBUG| Connection id "0HLNHLOVO830Q" received FIN. 
2019-06-15 17:33:12.2052|DEBUG| Connection id "0HLNHLOVO830R" started. 
2019-06-15 17:33:12.2052|DEBUG| Connection id "0HLNHLOVO830Q" sending FIN because: "The client closed the connection." 
2019-06-15 17:33:12.2208|DEBUG| Connection id "0HLNHLOVO830Q" disconnecting. 
2019-06-15 17:33:12.2208|INFO| Connection id "0HLNHLOVO830R" bad request data: "Invalid request line: '\x16\x03\x01\x01\x01\x01\x00\x00\xFD\x03\x03[\x93\x82\xEE\xB6\xCA\x10\x1C\x99\x1E\xBE\xA1\x01,\x90\xF8\x9F7AY\x0Ea\xE4\xAA\x8B\xDBp\x09xK\xEC\xB8\x00\x00n\xC0/\xC0+\xC00\xC0,\x00\x9E\xC0'\x00g\xC0(\x00k\xC0$\xC0\x14\xC0\x0A'" Microsoft.AspNetCore.Server.Kestrel.Core.BadHttpRequestException: Invalid request line: '\x16\x03\x01\x01\x01\x01\x00\x00\xFD\x03\x03[\x93\x82\xEE\xB6\xCA\x10\x1C\x99\x1E\xBE\xA1\x01,\x90\xF8\x9F7AY\x0Ea\xE4\xAA\x8B\xDBp\x09xK\xEC\xB8\x00\x00n\xC0/\xC0+\xC00\xC0,\x00\x9E\xC0'\x00g\xC0(\x00k\xC0$\xC0\x14\xC0\x0A'
   at Microsoft.AspNetCore.Server.Kestrel.Core.Internal.Http.HttpParser`1.RejectRequestLine(Byte* requestLine, Int32 length)
   at Microsoft.AspNetCore.Server.Kestrel.Core.Internal.Http.HttpParser`1.GetUnknownMethod(Byte* data, Int32 length, Int32& methodLength)
   at Microsoft.AspNetCore.Server.Kestrel.Core.Internal.Http.HttpParser`1.ParseRequestLine(TRequestHandler handler, Byte* data, Int32 length)
   at Microsoft.AspNetCore.Server.Kestrel.Core.Internal.Http.HttpParser`1.ParseRequestLine(TRequestHandler handler, ReadOnlySequence`1& buffer, SequencePosition& consumed, SequencePosition& examined)
   at Microsoft.AspNetCore.Server.Kestrel.Core.Internal.Http.HttpParser`1.Microsoft.AspNetCore.Server.Kestrel.Core.Internal.Http.IHttpParser<TRequestHandler>.ParseRequestLine(TRequestHandler handler, ReadOnlySequence`1& buffer, SequencePosition& consumed, SequencePosition& examined)
   at Microsoft.AspNetCore.Server.Kestrel.Core.Internal.Http.Http1Connection.TakeStartLine(ReadOnlySequence`1 buffer, SequencePosition& consumed, SequencePosition& examined)
   at Microsoft.AspNetCore.Server.Kestrel.Core.Internal.Http.Http1Connection.ParseRequest(ReadOnlySequence`1 buffer, SequencePosition& consumed, SequencePosition& examined)
   at Microsoft.AspNetCore.Server.Kestrel.Core.Internal.Http.Http1Connection.TryParseRequest(ReadResult result, Boolean& endConnection)
   at Microsoft.AspNetCore.Server.Kestrel.Core.Internal.Http.HttpProtocol.ProcessRequests[TContext](IHttpApplication`1 application)
   at Microsoft.AspNetCore.Server.Kestrel.Core.Internal.Http.HttpProtocol.ProcessRequestsAsync[TContext](IHttpApplication`1 application)
2019-06-15 17:33:12.2208|DEBUG| Connection id "0HLNHLOVO830Q" stopped. 
2019-06-15 17:33:12.3038|DEBUG| Connection id "0HLNHLOVO830R" disconnecting. 
2019-06-15 17:33:12.3408|DEBUG| Connection id "0HLNHLOVO830R" received FIN. 
2019-06-15 17:33:12.3903|DEBUG| Connection id "0HLNHLOVO830R" sending FIN because: "The Socket transport's send loop completed gracefully." 
2019-06-15 17:33:12.3903|DEBUG| Connection id "0HLNHLOVO830R" stopped. 
2019-06-15 17:35:35.5870|DEBUG| Connection id "0HLNHLOVO830S" started. 
2019-06-15 17:35:35.7595|DEBUG| Connection id "0HLNHLOVO830S" received FIN. 
2019-06-15 17:35:35.7734|DEBUG| Connection id "0HLNHLOVO830T" started. 
2019-06-15 17:35:35.7734|DEBUG| Connection id "0HLNHLOVO830S" sending FIN because: "The client closed the connection." 
2019-06-15 17:35:35.7905|DEBUG| Connection id "0HLNHLOVO830S" disconnecting. 
2019-06-15 17:35:35.7990|DEBUG| Connection id "0HLNHLOVO830S" stopped. 
2019-06-15 17:35:35.8181|INFO| Connection id "0HLNHLOVO830T" bad request data: "Invalid request line: '\x16\x03\x01\x01\x01\x01\x00\x00\xFD\x03\x03\xD0%\xA4\x8A\xB8U\xA2\xF6'\xFBWwEW\xA2a\xC4 cV\x035\x8FS{5\x09\xFCX/\xC9.\x00\x00n\xC0/\xC0+\xC00\xC0,\x00\x9E\xC0'\x00g\xC0(\x00k\xC0$\xC0\x14\xC0\x0A'" Microsoft.AspNetCore.Server.Kestrel.Core.BadHttpRequestException: Invalid request line: '\x16\x03\x01\x01\x01\x01\x00\x00\xFD\x03\x03\xD0%\xA4\x8A\xB8U\xA2\xF6'\xFBWwEW\xA2a\xC4 cV\x035\x8FS{5\x09\xFCX/\xC9.\x00\x00n\xC0/\xC0+\xC00\xC0,\x00\x9E\xC0'\x00g\xC0(\x00k\xC0$\xC0\x14\xC0\x0A'
   at Microsoft.AspNetCore.Server.Kestrel.Core.Internal.Http.HttpParser`1.RejectRequestLine(Byte* requestLine, Int32 length)
   at Microsoft.AspNetCore.Server.Kestrel.Core.Internal.Http.HttpParser`1.GetUnknownMethod(Byte* data, Int32 length, Int32& methodLength)
   at Microsoft.AspNetCore.Server.Kestrel.Core.Internal.Http.HttpParser`1.ParseRequestLine(TRequestHandler handler, Byte* data, Int32 length)
   at Microsoft.AspNetCore.Server.Kestrel.Core.Internal.Http.HttpParser`1.ParseRequestLine(TRequestHandler handler, ReadOnlySequence`1& buffer, SequencePosition& consumed, SequencePosition& examined)
   at Microsoft.AspNetCore.Server.Kestrel.Core.Internal.Http.HttpParser`1.Microsoft.AspNetCore.Server.Kestrel.Core.Internal.Http.IHttpParser<TRequestHandler>.ParseRequestLine(TRequestHandler handler, ReadOnlySequence`1& buffer, SequencePosition& consumed, SequencePosition& examined)
   at Microsoft.AspNetCore.Server.Kestrel.Core.Internal.Http.Http1Connection.TakeStartLine(ReadOnlySequence`1 buffer, SequencePosition& consumed, SequencePosition& examined)
   at Microsoft.AspNetCore.Server.Kestrel.Core.Internal.Http.Http1Connection.ParseRequest(ReadOnlySequence`1 buffer, SequencePosition& consumed, SequencePosition& examined)
   at Microsoft.AspNetCore.Server.Kestrel.Core.Internal.Http.Http1Connection.TryParseRequest(ReadResult result, Boolean& endConnection)
   at Microsoft.AspNetCore.Server.Kestrel.Core.Internal.Http.HttpProtocol.ProcessRequests[TContext](IHttpApplication`1 application)
   at Microsoft.AspNetCore.Server.Kestrel.Core.Internal.Http.HttpProtocol.ProcessRequestsAsync[TContext](IHttpApplication`1 application)
2019-06-15 17:35:35.9071|DEBUG| Connection id "0HLNHLOVO830T" disconnecting. 
2019-06-15 17:35:35.9277|DEBUG| Connection id "0HLNHLOVO830T" received FIN. 
2019-06-15 17:35:36.1571|DEBUG| Connection id "0HLNHLOVO830T" sending FIN because: "The Socket transport's send loop completed gracefully." 
2019-06-15 17:35:36.3381|DEBUG| Connection id "0HLNHLOVO830T" stopped. 
2019-06-15 17:36:17.6383|DEBUG| Connection id "0HLNHLOVO830U" started. 
2019-06-15 17:36:17.7042|DEBUG| Connection id "0HLNHLOVO830U" received FIN. 
2019-06-15 17:36:17.7501|DEBUG| Connection id "0HLNHLOVO830V" started. 
2019-06-15 17:36:17.7501|DEBUG| Connection id "0HLNHLOVO830U" sending FIN because: "The client closed the connection." 
2019-06-15 17:36:17.7810|DEBUG| Connection id "0HLNHLOVO830U" disconnecting. 
2019-06-15 17:36:17.8938|INFO| Connection id "0HLNHLOVO830V" bad request data: "Invalid request line: '\x16\x03\x01\x01\x01\x01\x00\x00\xFD\x03\x03<p\xDB}\xDF\x14\xF6\xE9\xF8*\x06\xC0=\xC5\xD9\x9Az\xDF\x19#\xD0+\x9F`\x7F\xFD\xF7L\x0Di\x0E_\x00\x00n\xC0/\xC0+\xC00\xC0,\x00\x9E\xC0'\x00g\xC0(\x00k\xC0$\xC0\x14\xC0\x0A'" Microsoft.AspNetCore.Server.Kestrel.Core.BadHttpRequestException: Invalid request line: '\x16\x03\x01\x01\x01\x01\x00\x00\xFD\x03\x03<p\xDB}\xDF\x14\xF6\xE9\xF8*\x06\xC0=\xC5\xD9\x9Az\xDF\x19#\xD0+\x9F`\x7F\xFD\xF7L\x0Di\x0E_\x00\x00n\xC0/\xC0+\xC00\xC0,\x00\x9E\xC0'\x00g\xC0(\x00k\xC0$\xC0\x14\xC0\x0A'
   at Microsoft.AspNetCore.Server.Kestrel.Core.Internal.Http.HttpParser`1.RejectRequestLine(Byte* requestLine, Int32 length)
   at Microsoft.AspNetCore.Server.Kestrel.Core.Internal.Http.HttpParser`1.GetUnknownMethod(Byte* data, Int32 length, Int32& methodLength)
   at Microsoft.AspNetCore.Server.Kestrel.Core.Internal.Http.HttpParser`1.ParseRequestLine(TRequestHandler handler, Byte* data, Int32 length)
   at Microsoft.AspNetCore.Server.Kestrel.Core.Internal.Http.HttpParser`1.ParseRequestLine(TRequestHandler handler, ReadOnlySequence`1& buffer, SequencePosition& consumed, SequencePosition& examined)
   at Microsoft.AspNetCore.Server.Kestrel.Core.Internal.Http.HttpParser`1.Microsoft.AspNetCore.Server.Kestrel.Core.Internal.Http.IHttpParser<TRequestHandler>.ParseRequestLine(TRequestHandler handler, ReadOnlySequence`1& buffer, SequencePosition& consumed, SequencePosition& examined)
   at Microsoft.AspNetCore.Server.Kestrel.Core.Internal.Http.Http1Connection.TakeStartLine(ReadOnlySequence`1 buffer, SequencePosition& consumed, SequencePosition& examined)
   at Microsoft.AspNetCore.Server.Kestrel.Core.Internal.Http.Http1Connection.ParseRequest(ReadOnlySequence`1 buffer, SequencePosition& consumed, SequencePosition& examined)
   at Microsoft.AspNetCore.Server.Kestrel.Core.Internal.Http.Http1Connection.TryParseRequest(ReadResult result, Boolean& endConnection)
   at Microsoft.AspNetCore.Server.Kestrel.Core.Internal.Http.HttpProtocol.ProcessRequests[TContext](IHttpApplication`1 application)
   at Microsoft.AspNetCore.Server.Kestrel.Core.Internal.Http.HttpProtocol.ProcessRequestsAsync[TContext](IHttpApplication`1 application)
2019-06-15 17:36:17.9951|DEBUG| Connection id "0HLNHLOVO830U" stopped. 
2019-06-15 17:36:18.0409|DEBUG| Connection id "0HLNHLOVO830V" disconnecting. 
2019-06-15 17:36:18.0842|DEBUG| Connection id "0HLNHLOVO830V" received FIN. 
2019-06-15 17:36:18.3016|DEBUG| Connection id "0HLNHLOVO830V" sending FIN because: "The Socket transport's send loop completed gracefully." 
2019-06-15 17:36:18.3282|DEBUG| Connection id "0HLNHLOVO830V" stopped. 
2019-06-15 17:37:48.0998|DEBUG| Connection id "0HLNHLOVO8310" started. 
2019-06-15 17:37:48.1932|DEBUG| Connection id "0HLNHLOVO8310" received FIN. 
2019-06-15 17:37:48.2544|DEBUG| Connection id "0HLNHLOVO8311" started. 
2019-06-15 17:37:48.2812|DEBUG| Connection id "0HLNHLOVO8310" sending FIN because: "The client closed the connection." 
2019-06-15 17:37:48.3577|DEBUG| Connection id "0HLNHLOVO8310" disconnecting. 
2019-06-15 17:37:48.3682|DEBUG| Connection id "0HLNHLOVO8310" stopped. 
2019-06-15 17:37:48.8759|INFO| Request starting HTTP/1.1 POST http://localhost:5000/api/messenger/email application/json 209 
2019-06-15 17:37:48.8759|DEBUG| Wildcard detected, all requests with hosts will be allowed. 
2019-06-15 17:37:48.8919|TRACE| All hosts are allowed. 
2019-06-15 17:37:48.8919|DEBUG| The request is insecure. Skipping HSTS header. 
2019-06-15 17:37:49.8106|INFO| Successfully validated the token. 
2019-06-15 17:37:49.8224|DEBUG| AuthenticationScheme: Bearer was successfully authenticated. 
2019-06-15 17:37:49.9678|DEBUG| POST requests are not supported 
2019-06-15 17:37:49.9759|DEBUG| POST requests are not supported 
2019-06-15 17:37:50.2207|DEBUG| 1 candidate(s) found for the request path '/api/messenger/email' 
2019-06-15 17:37:50.2207|DEBUG| Endpoint 'Chop9ja.API.Controllers.MessengerController.SendEmail (Chop9ja.API)' with route pattern 'api/Messenger/email' is valid for the request path '/api/messenger/email' 
2019-06-15 17:37:50.2405|DEBUG| Request matched endpoint 'Chop9ja.API.Controllers.MessengerController.SendEmail (Chop9ja.API)' 
2019-06-15 17:37:50.2530|INFO| Executing endpoint 'Chop9ja.API.Controllers.MessengerController.SendEmail (Chop9ja.API)' 
2019-06-15 17:37:50.6300|INFO| Route matched with {action = "SendEmail", controller = "Messenger"}. Executing controller action with signature System.Threading.Tasks.Task`1[Microsoft.AspNetCore.Mvc.IActionResult] SendEmail(Chop9ja.API.Models.ViewModels.CustomEmailViewModel) on controller Chop9ja.API.Controllers.MessengerController (Chop9ja.API). 
2019-06-15 17:37:50.6482|DEBUG| Execution plan of authorization filters (in the following order): Microsoft.AspNetCore.Mvc.Authorization.AuthorizeFilter 
2019-06-15 17:37:50.6628|DEBUG| Execution plan of resource filters (in the following order): Microsoft.AspNetCore.Mvc.ViewFeatures.Internal.SaveTempDataFilter 
2019-06-15 17:37:50.6738|DEBUG| Execution plan of action filters (in the following order): Microsoft.AspNetCore.Mvc.ModelBinding.UnsupportedContentTypeFilter (Order: -3000), Microsoft.AspNetCore.Mvc.Infrastructure.ModelStateInvalidFilter (Order: -2000) 
2019-06-15 17:37:50.7009|DEBUG| Execution plan of exception filters (in the following order): None 
2019-06-15 17:37:50.7096|DEBUG| Execution plan of result filters (in the following order): Microsoft.AspNetCore.Mvc.ViewFeatures.Internal.SaveTempDataFilter, Microsoft.AspNetCore.Mvc.Infrastructure.ClientErrorResultFilter (Order: -2000) 
2019-06-15 17:37:50.7395|TRACE| Authorization Filter: Before executing OnAuthorizationAsync on filter Microsoft.AspNetCore.Mvc.Authorization.AuthorizeFilter. 
2019-06-15 17:37:50.7986|INFO| Authorization was successful. 
2019-06-15 17:37:50.8147|TRACE| Authorization Filter: After executing OnAuthorizationAsync on filter Microsoft.AspNetCore.Mvc.Authorization.AuthorizeFilter. 
2019-06-15 17:37:50.8147|TRACE| Resource Filter: Before executing OnResourceExecuting on filter Microsoft.AspNetCore.Mvc.ViewFeatures.Internal.SaveTempDataFilter. 
2019-06-15 17:37:50.8147|TRACE| Resource Filter: After executing OnResourceExecuting on filter Microsoft.AspNetCore.Mvc.ViewFeatures.Internal.SaveTempDataFilter. 
2019-06-15 17:37:52.3698|DEBUG| Attempting to bind parameter 'model' of type 'Chop9ja.API.Models.ViewModels.CustomEmailViewModel' ... 
2019-06-15 17:37:52.4123|DEBUG| Attempting to bind parameter 'model' of type 'Chop9ja.API.Models.ViewModels.CustomEmailViewModel' using the name '' in request data ... 
2019-06-15 17:37:52.4230|DEBUG| Rejected input formatter 'Microsoft.AspNetCore.Mvc.Formatters.JsonPatchInputFormatter' for content type 'application/json'. 
2019-06-15 17:37:52.4230|DEBUG| Selected input formatter 'Microsoft.AspNetCore.Mvc.Formatters.JsonInputFormatter' for content type 'application/json'. 
2019-06-15 17:37:52.6023|DEBUG| Connection id "0HLNHLOVO8311", Request id "0HLNHLOVO8311:00000001": started reading request body. 
2019-06-15 17:37:52.6333|DEBUG| Connection id "0HLNHLOVO8311", Request id "0HLNHLOVO8311:00000001": done reading request body. 
2019-06-15 17:37:52.6664|DEBUG| Done attempting to bind parameter 'model' of type 'Chop9ja.API.Models.ViewModels.CustomEmailViewModel'. 
2019-06-15 17:37:52.6765|DEBUG| Done attempting to bind parameter 'model' of type 'Chop9ja.API.Models.ViewModels.CustomEmailViewModel'. 
2019-06-15 17:37:52.6913|DEBUG| Attempting to validate the bound parameter 'model' of type 'Chop9ja.API.Models.ViewModels.CustomEmailViewModel' ... 
2019-06-15 17:37:52.7997|DEBUG| Done attempting to validate the bound parameter 'model' of type 'Chop9ja.API.Models.ViewModels.CustomEmailViewModel'. 
2019-06-15 17:37:52.8149|TRACE| Action Filter: Before executing OnActionExecuting on filter Microsoft.AspNetCore.Mvc.ModelBinding.UnsupportedContentTypeFilter. 
2019-06-15 17:37:52.8149|TRACE| Action Filter: After executing OnActionExecuting on filter Microsoft.AspNetCore.Mvc.ModelBinding.UnsupportedContentTypeFilter. 
2019-06-15 17:37:52.8149|TRACE| Action Filter: Before executing OnActionExecuting on filter Microsoft.AspNetCore.Mvc.Infrastructure.ModelStateInvalidFilter. 
2019-06-15 17:37:52.8149|TRACE| Action Filter: After executing OnActionExecuting on filter Microsoft.AspNetCore.Mvc.Infrastructure.ModelStateInvalidFilter. 
2019-06-15 17:37:52.8429|INFO| Executing action method Chop9ja.API.Controllers.MessengerController.SendEmail (Chop9ja.API) - Validation state: Valid 
2019-06-15 17:37:53.4082|TRACE| Executing action method Chop9ja.API.Controllers.MessengerController.SendEmail (Chop9ja.API) with arguments (Chop9ja.API.Models.ViewModels.CustomEmailViewModel) 
2019-06-15 17:38:45.1269|INFO| Executed action method Chop9ja.API.Controllers.MessengerController.SendEmail (Chop9ja.API), returned result Microsoft.AspNetCore.Mvc.OkResult in 51712.4287ms. 
2019-06-15 17:38:45.1425|TRACE| Action Filter: Before executing OnActionExecuted on filter Microsoft.AspNetCore.Mvc.Infrastructure.ModelStateInvalidFilter. 
2019-06-15 17:38:45.1425|TRACE| Action Filter: After executing OnActionExecuted on filter Microsoft.AspNetCore.Mvc.Infrastructure.ModelStateInvalidFilter. 
2019-06-15 17:38:45.1425|TRACE| Action Filter: Before executing OnActionExecuted on filter Microsoft.AspNetCore.Mvc.ModelBinding.UnsupportedContentTypeFilter. 
2019-06-15 17:38:45.1425|TRACE| Action Filter: After executing OnActionExecuted on filter Microsoft.AspNetCore.Mvc.ModelBinding.UnsupportedContentTypeFilter. 
2019-06-15 17:38:45.1571|TRACE| Result Filter: Before executing OnResultExecuting on filter Microsoft.AspNetCore.Mvc.ViewFeatures.Internal.SaveTempDataFilter. 
2019-06-15 17:38:45.1571|TRACE| Result Filter: After executing OnResultExecuting on filter Microsoft.AspNetCore.Mvc.ViewFeatures.Internal.SaveTempDataFilter. 
2019-06-15 17:38:45.1571|TRACE| Result Filter: Before executing OnResultExecuting on filter Microsoft.AspNetCore.Mvc.Infrastructure.ClientErrorResultFilter. 
2019-06-15 17:38:45.1571|TRACE| Result Filter: After executing OnResultExecuting on filter Microsoft.AspNetCore.Mvc.Infrastructure.ClientErrorResultFilter. 
2019-06-15 17:38:45.1571|TRACE| Before executing action result Microsoft.AspNetCore.Mvc.OkResult. 
2019-06-15 17:38:45.1777|INFO| Executing HttpStatusCodeResult, setting HTTP status code 200 
2019-06-15 17:38:45.1935|TRACE| After executing action result Microsoft.AspNetCore.Mvc.OkResult. 
2019-06-15 17:38:45.1935|TRACE| Result Filter: Before executing OnResultExecuted on filter Microsoft.AspNetCore.Mvc.Infrastructure.ClientErrorResultFilter. 
2019-06-15 17:38:45.1935|TRACE| Result Filter: After executing OnResultExecuted on filter Microsoft.AspNetCore.Mvc.Infrastructure.ClientErrorResultFilter. 
2019-06-15 17:38:45.1935|TRACE| Result Filter: Before executing OnResultExecuted on filter Microsoft.AspNetCore.Mvc.ViewFeatures.Internal.SaveTempDataFilter. 
2019-06-15 17:38:45.1935|TRACE| Result Filter: After executing OnResultExecuted on filter Microsoft.AspNetCore.Mvc.ViewFeatures.Internal.SaveTempDataFilter. 
2019-06-15 17:38:45.2064|TRACE| Resource Filter: Before executing OnResourceExecuted on filter Microsoft.AspNetCore.Mvc.ViewFeatures.Internal.SaveTempDataFilter. 
2019-06-15 17:38:45.2064|TRACE| Resource Filter: After executing OnResourceExecuted on filter Microsoft.AspNetCore.Mvc.ViewFeatures.Internal.SaveTempDataFilter. 
2019-06-15 17:38:45.2185|INFO| Executed action Chop9ja.API.Controllers.MessengerController.SendEmail (Chop9ja.API) in 54478.6869ms 
2019-06-15 17:38:47.7300|INFO| Executed endpoint 'Chop9ja.API.Controllers.MessengerController.SendEmail (Chop9ja.API)' 
2019-06-15 17:38:47.9272|DEBUG| Connection id "0HLNHLOVO8311" completed keep alive response. 
2019-06-15 17:38:49.9175|INFO| Request finished in 59101.5821ms 200  
2019-06-15 18:12:10.9280|DEBUG| Connection id "0HLNHLOVO8311" disconnecting. 
2019-06-15 18:12:12.1340|DEBUG| Connection id "0HLNHLOVO8311" sending FIN because: "The Socket transport's send loop completed gracefully." 
2019-06-15 18:12:12.1806|DEBUG| Connection id "0HLNHLOVO8311" stopped. 
2019-06-16 10:03:18.2962|DEBUG| Hosting shutdown 
2019-06-19 17:40:03.2647|INFO| 

 
2019-06-19 17:40:03.5109|INFO| *** Application Started ***
Welcome to the Chop9ja API
Built by Prince Owen
Under the supervision of Dev-Lynx Technologies
Copyright 2019.
All rights reserved.

 
2019-06-19 17:40:35.8731|DEBUG| Successfully registered the service provider 
2019-06-19 17:40:36.9258|DEBUG| Hosting starting 
2019-06-19 17:40:42.8063|INFO| User profile is available. Using 'C:\Users\princ\AppData\Local\ASP.NET\DataProtection-Keys' as key repository and Windows DPAPI to encrypt keys at rest. 
2019-06-19 17:40:43.1878|DEBUG| Reading data from file 'C:\Users\princ\AppData\Local\ASP.NET\DataProtection-Keys\key-18916efd-b695-4d36-b241-b546bb59b759.xml'. 
2019-06-19 17:40:43.6937|DEBUG| Reading data from file 'C:\Users\princ\AppData\Local\ASP.NET\DataProtection-Keys\key-26184869-4bd5-4412-8f9e-5a00a9bed5d6.xml'. 
2019-06-19 17:40:43.7982|DEBUG| Found key {18916efd-b695-4d36-b241-b546bb59b759}. 
2019-06-19 17:40:43.8331|DEBUG| Found key {26184869-4bd5-4412-8f9e-5a00a9bed5d6}. 
2019-06-19 17:40:43.8914|DEBUG| Considering key {18916efd-b695-4d36-b241-b546bb59b759} with expiration date 2019-07-05 14:21:07Z as default key. 
2019-06-19 17:40:44.0030|DEBUG| Forwarded activator type request from Microsoft.AspNetCore.DataProtection.XmlEncryption.DpapiXmlDecryptor, Microsoft.AspNetCore.DataProtection, Version=2.1.1.0, Culture=neutral, PublicKeyToken=adb9793829ddae60 to Microsoft.AspNetCore.DataProtection.XmlEncryption.DpapiXmlDecryptor, Microsoft.AspNetCore.DataProtection, Culture=neutral, PublicKeyToken=adb9793829ddae60 
2019-06-19 17:40:44.0089|DEBUG| Decrypting secret element using Windows DPAPI. 
2019-06-19 17:40:44.0089|DEBUG| Forwarded activator type request from Microsoft.AspNetCore.DataProtection.AuthenticatedEncryption.ConfigurationModel.AuthenticatedEncryptorDescriptorDeserializer, Microsoft.AspNetCore.DataProtection, Version=2.1.1.0, Culture=neutral, PublicKeyToken=adb9793829ddae60 to Microsoft.AspNetCore.DataProtection.AuthenticatedEncryption.ConfigurationModel.AuthenticatedEncryptorDescriptorDeserializer, Microsoft.AspNetCore.DataProtection, Culture=neutral, PublicKeyToken=adb9793829ddae60 
2019-06-19 17:40:44.0314|DEBUG| Opening CNG algorithm 'AES' from provider '(null)' with chaining mode CBC. 
2019-06-19 17:40:44.0510|DEBUG| Opening CNG algorithm 'SHA256' from provider '(null)' with HMAC. 
2019-06-19 17:40:44.5837|DEBUG| Using key {18916efd-b695-4d36-b241-b546bb59b759} as the default key. 
2019-06-19 17:40:44.5885|DEBUG| Key ring with default key {18916efd-b695-4d36-b241-b546bb59b759} was loaded during application startup. 
2019-06-19 17:40:52.7524|DEBUG| An 'IServiceProvider' was created for internal use by Entity Framework. 
2019-06-19 17:40:59.1118|DEBUG| The foreign key properties haven't been configured by convention because the best match {'Id' : int} are incompatible with the current principal key {'Id' : string}. This message can be disregarded if explicit configuration has been specified. 
2019-06-19 17:40:59.1264|DEBUG| The foreign key properties haven't been configured by convention because the best match {'Id' : int} are incompatible with the current principal key {'Id' : string}. This message can be disregarded if explicit configuration has been specified. 
2019-06-19 17:40:59.4064|DEBUG| The index {'UserId'} was not created on entity type 'IdentityUserRole<string>' as the properties are already covered by the index {'UserId', 'RoleId'}. 
2019-06-19 17:40:59.4336|DEBUG| The index {'UserId'} was not created on entity type 'IdentityUserToken<string>' as the properties are already covered by the index {'UserId', 'LoginProvider', 'Name'}. 
2019-06-19 17:40:59.5021|DEBUG| The property 'TwoFactorRecoveryCodeId' on entity type 'TwoFactorRecoveryCode' was created in shadow state because there are no eligible CLR members with a matching name. 
2019-06-19 17:40:59.5083|DEBUG| The property 'UserId' on entity type 'TwoFactorRecoveryCode' was created in shadow state because there are no eligible CLR members with a matching name. 
2019-06-19 17:40:59.5083|DEBUG| The property 'BankAccountId' on entity type 'BankAccount' was created in shadow state because there are no eligible CLR members with a matching name. 
2019-06-19 17:40:59.5083|DEBUG| The property 'BankId' on entity type 'BankAccount' was created in shadow state because there are no eligible CLR members with a matching name. 
2019-06-19 17:40:59.5303|DEBUG| The property 'UserId' on entity type 'BankAccount' was created in shadow state because there are no eligible CLR members with a matching name. 
2019-06-19 17:40:59.5393|DEBUG| The property 'UserId' on entity type 'OneTimePassword' was created in shadow state because there are no eligible CLR members with a matching name. 
2019-06-19 17:40:59.5393|DEBUG| The property 'TimeRangeId' on entity type 'TimeRange' was created in shadow state because there are no eligible CLR members with a matching name. 
2019-06-19 17:40:59.5393|DEBUG| The property 'PaymentMethodId' on entity type 'TimeRange' was created in shadow state because there are no eligible CLR members with a matching name. 
2019-06-19 17:40:59.5601|DEBUG| The property 'TransactionId' on entity type 'Transaction' was created in shadow state because there are no eligible CLR members with a matching name. 
2019-06-19 17:40:59.5601|DEBUG| The property 'PaymentMethodId' on entity type 'Transaction' was created in shadow state because there are no eligible CLR members with a matching name. 
2019-06-19 17:40:59.5798|DEBUG| The property 'WalletId' on entity type 'Transaction' was created in shadow state because there are no eligible CLR members with a matching name. 
2019-06-19 17:40:59.5869|DEBUG| The property 'WalletId' on entity type 'User' was created in shadow state because there are no eligible CLR members with a matching name. 
2019-06-19 17:40:59.6137|DEBUG| The property 'UserId1' on entity type 'IdentityUserClaim<string>' was created in shadow state because there are no eligible CLR members with a matching name. 
2019-06-19 17:40:59.6271|DEBUG| The property 'UserId1' on entity type 'IdentityUserLogin<string>' was created in shadow state because there are no eligible CLR members with a matching name. 
2019-06-19 17:40:59.6351|DEBUG| The property 'UserId1' on entity type 'IdentityUserToken<string>' was created in shadow state because there are no eligible CLR members with a matching name. 
2019-06-19 17:40:59.9088|INFO| Entity Framework Core 2.2.4-servicing-10062 initialized 'UserDataContext' using provider 'Blueshift.EntityFrameworkCore.MongoDB' with options: MongoClient.Settings=ConnectionMode=Automatic;ConnectTimeout=00:00:30;Credentials={{chop9ja-api@admin}};GuidRepresentation=CSharpLegacy;HeartbeatInterval=00:00:10;HeartbeatTimeout=-00:00:00.0010000;IPv6=False;MaxConnectionIdleTime=00:10:00;MaxConnectionLifeTime=00:30:00;MaxConnectionPoolSize=100;MinConnectionPoolSize=0;ReadConcern={ };ReadPreference={ Mode : Primary };ReplicaSetName=chop9ja-Identity-shard-0;RetryWrites=TrueLocalThreshold=00:00:00.0150000;Servers=chop9ja-identity-shard-00-01-vv74w.gcp.mongodb.net:27017,chop9ja-identity-shard-00-02-vv74w.gcp.mongodb.net:27017,chop9ja-identity-shard-00-00-vv74w.gcp.mongodb.net:27017;ServerSelectionTimeout=00:00:30;SocketTimeout=00:00:00;Ssl=True;SslVerifyCertificate=True;WaitQueueSize=500;WaitQueueTimeout=00:02:00WriteConcern={ w : "majority" }; 
2019-06-19 17:40:59.9419|DEBUG| SaveChanges starting for 'UserDataContext'. 
2019-06-19 17:40:59.9473|DEBUG| DetectChanges starting for 'UserDataContext'. 
2019-06-19 17:40:59.9473|DEBUG| DetectChanges completed for 'UserDataContext'. 
2019-06-19 17:40:59.9746|DEBUG| SaveChanges completed for 'UserDataContext' with 0 entities written to the database. 
2019-06-19 17:41:01.1342|DEBUG| SaveChanges starting for 'UserDataContext'. 
2019-06-19 17:41:01.1342|DEBUG| DetectChanges starting for 'UserDataContext'. 
2019-06-19 17:41:01.1342|DEBUG| DetectChanges completed for 'UserDataContext'. 
2019-06-19 17:41:01.1535|DEBUG| SaveChanges completed for 'UserDataContext' with 0 entities written to the database. 
2019-06-19 17:41:01.1535|DEBUG| Chop9ja API has successfully been initialized. 
2019-06-19 17:41:01.8721|DEBUG| Compatibility switch AllowInputFormatterExceptionMessages in type MvcJsonOptions is using compatibility value True for version Version_2_2 
2019-06-19 17:41:02.1444|DEBUG| Compatibility switch AllowCombiningAuthorizeFilters in type MvcOptions is using compatibility value True for version Version_2_2 
2019-06-19 17:41:02.1514|DEBUG| Compatibility switch AllowBindingHeaderValuesToNonStringModelTypes in type MvcOptions is using compatibility value True for version Version_2_2 
2019-06-19 17:41:02.1514|DEBUG| Compatibility switch AllowValidatingTopLevelNodes in type MvcOptions is using compatibility value True for version Version_2_2 
2019-06-19 17:41:02.1624|DEBUG| Compatibility switch InputFormatterExceptionPolicy in type MvcOptions is using compatibility value MalformedInputExceptions for version Version_2_2 
2019-06-19 17:41:02.1624|DEBUG| Compatibility switch SuppressBindingUndefinedValueToEnumType in type MvcOptions is using compatibility value True for version Version_2_2 
2019-06-19 17:41:02.1624|DEBUG| Compatibility switch EnableEndpointRouting in type MvcOptions is using compatibility value True for version Version_2_2 
2019-06-19 17:41:02.1812|DEBUG| Compatibility switch MaxValidationDepth in type MvcOptions is using compatibility value 32 for version Version_2_2 
2019-06-19 17:41:02.1812|DEBUG| Compatibility switch AllowShortCircuitingValidationWhenNoValidatorsArePresent in type MvcOptions is using compatibility value True for version Version_2_2 
2019-06-19 17:41:02.2595|DEBUG| Compatibility switch SuppressMapClientErrors in type ApiBehaviorOptions is using default value False 
2019-06-19 17:41:02.2595|DEBUG| Compatibility switch SuppressUseValidationProblemDetailsForInvalidModelStateResponses in type ApiBehaviorOptions is using default value False 
2019-06-19 17:41:02.2595|DEBUG| Compatibility switch AllowInferringBindingSourceForCollectionTypesAsFromQuery in type ApiBehaviorOptions is using default value False 
2019-06-19 17:41:02.3221|DEBUG| Compatibility switch AllowAreas in type RazorPagesOptions is using compatibility value True for version Version_2_2 
2019-06-19 17:41:02.3221|DEBUG| Compatibility switch AllowMappingHeadRequestsToGetHandler in type RazorPagesOptions is using compatibility value True for version Version_2_2 
2019-06-19 17:41:02.3221|DEBUG| Compatibility switch AllowDefaultHandlingForOptionsRequests in type RazorPagesOptions is using compatibility value True for version Version_2_2 
2019-06-19 17:41:02.3918|DEBUG| Compatibility switch AllowRecompilingViewsOnFileChange in type RazorViewEngineOptions is using default value False 
2019-06-19 17:41:02.5526|DEBUG| Compatibility switch SuppressTempDataAttributePrefix in type MvcViewOptions is using compatibility value True for version Version_2_2 
2019-06-19 17:41:02.5615|DEBUG| Compatibility switch AllowRenderingMaxLengthAttribute in type MvcViewOptions is using compatibility value True for version Version_2_2 
2019-06-19 17:41:02.5896|DEBUG| Registered model binder providers, in the following order: Microsoft.AspNetCore.Mvc.ModelBinding.Binders.BinderTypeModelBinderProvider, Microsoft.AspNetCore.Mvc.ModelBinding.Binders.ServicesModelBinderProvider, Microsoft.AspNetCore.Mvc.ModelBinding.Binders.BodyModelBinderProvider, Microsoft.AspNetCore.Mvc.ModelBinding.Binders.HeaderModelBinderProvider, Microsoft.AspNetCore.Mvc.ModelBinding.Binders.FloatingPointTypeModelBinderProvider, Microsoft.AspNetCore.Mvc.ModelBinding.Binders.EnumTypeModelBinderProvider, Microsoft.AspNetCore.Mvc.ModelBinding.Binders.SimpleTypeModelBinderProvider, Microsoft.AspNetCore.Mvc.ModelBinding.Binders.CancellationTokenModelBinderProvider, Microsoft.AspNetCore.Mvc.ModelBinding.Binders.ByteArrayModelBinderProvider, Microsoft.AspNetCore.Mvc.ModelBinding.Binders.FormFileModelBinderProvider, Microsoft.AspNetCore.Mvc.ModelBinding.Binders.FormCollectionModelBinderProvider, Microsoft.AspNetCore.Mvc.ModelBinding.Binders.KeyValuePairModelBinderProvider, Microsoft.AspNetCore.Mvc.ModelBinding.Binders.DictionaryModelBinderProvider, Microsoft.AspNetCore.Mvc.ModelBinding.Binders.ArrayModelBinderProvider, Microsoft.AspNetCore.Mvc.ModelBinding.Binders.CollectionModelBinderProvider, Microsoft.AspNetCore.Mvc.ModelBinding.Binders.ComplexTypeModelBinderProvider 
2019-06-19 17:41:03.2058|DEBUG| Failed to locate the development https certificate at '(null)'. 
2019-06-19 17:41:03.8622|DEBUG| Using development certificate: CN=localhost (Thumbprint: 4B845F03251A4DEAA09BCDC8D71B07E89C2A21D6) 
2019-06-19 17:41:03.8764|DEBUG| No listening endpoints were configured. Binding to http://localhost:5000 and https://localhost:5001 by default. 
2019-06-19 17:41:03.9253|DEBUG| Hosting started 
2019-06-19 17:41:03.9336|DEBUG| Loaded hosting startup assembly Chop9ja.API 
2019-06-19 17:41:15.3026|DEBUG| Connection id "0HLNKQJP2U7BT" started. 
2019-06-19 17:41:15.7205|DEBUG| Connection id "0HLNKQJP2U7BT" received FIN. 
2019-06-19 17:41:15.7883|DEBUG| Connection id "0HLNKQJP2U7BT" sending FIN because: "The client closed the connection." 
2019-06-19 17:41:15.7883|DEBUG| Connection id "0HLNKQJP2U7BU" started. 
2019-06-19 17:41:15.9430|DEBUG| Connection id "0HLNKQJP2U7BT" disconnecting. 
2019-06-19 17:41:16.0293|DEBUG| Connection id "0HLNKQJP2U7BT" stopped. 
2019-06-19 17:41:16.3806|INFO| Request starting HTTP/1.1 POST http://localhost:5000/api/auth/login application/json 71 
2019-06-19 17:41:16.3857|DEBUG| Wildcard detected, all requests with hosts will be allowed. 
2019-06-19 17:41:16.3857|TRACE| All hosts are allowed. 
2019-06-19 17:41:16.3857|DEBUG| The request is insecure. Skipping HSTS header. 
2019-06-19 17:41:17.8621|INFO| Successfully validated the token. 
2019-06-19 17:41:17.8713|DEBUG| AuthenticationScheme: Bearer was successfully authenticated. 
2019-06-19 17:41:17.9498|DEBUG| POST requests are not supported 
2019-06-19 17:41:17.9498|DEBUG| POST requests are not supported 
2019-06-19 17:41:18.6481|DEBUG| 1 candidate(s) found for the request path '/api/auth/login' 
2019-06-19 17:41:18.6481|DEBUG| Endpoint 'Chop9ja.API.Controllers.AuthController.Login (Chop9ja.API)' with route pattern 'api/Auth/login' is valid for the request path '/api/auth/login' 
2019-06-19 17:41:18.6625|DEBUG| Request matched endpoint 'Chop9ja.API.Controllers.AuthController.Login (Chop9ja.API)' 
2019-06-19 17:41:18.6625|INFO| Executing endpoint 'Chop9ja.API.Controllers.AuthController.Login (Chop9ja.API)' 
2019-06-19 17:41:18.8562|INFO| Route matched with {action = "Login", controller = "Auth"}. Executing controller action with signature System.Threading.Tasks.Task`1[Microsoft.AspNetCore.Mvc.IActionResult] Login(Chop9ja.API.Models.ViewModels.UserLoginViewModel) on controller Chop9ja.API.Controllers.AuthController (Chop9ja.API). 
2019-06-19 17:41:18.8562|DEBUG| Execution plan of authorization filters (in the following order): None 
2019-06-19 17:41:18.8762|DEBUG| Execution plan of resource filters (in the following order): Microsoft.AspNetCore.Mvc.ViewFeatures.Internal.SaveTempDataFilter 
2019-06-19 17:41:18.8824|DEBUG| Execution plan of action filters (in the following order): Microsoft.AspNetCore.Mvc.ModelBinding.UnsupportedContentTypeFilter (Order: -3000), Microsoft.AspNetCore.Mvc.Infrastructure.ModelStateInvalidFilter (Order: -2000) 
2019-06-19 17:41:18.8824|DEBUG| Execution plan of exception filters (in the following order): None 
2019-06-19 17:41:18.8824|DEBUG| Execution plan of result filters (in the following order): Microsoft.AspNetCore.Mvc.ViewFeatures.Internal.SaveTempDataFilter, Microsoft.AspNetCore.Mvc.Infrastructure.ClientErrorResultFilter (Order: -2000) 
2019-06-19 17:41:18.9032|TRACE| Resource Filter: Before executing OnResourceExecuting on filter Microsoft.AspNetCore.Mvc.ViewFeatures.Internal.SaveTempDataFilter. 
2019-06-19 17:41:18.9032|TRACE| Resource Filter: After executing OnResourceExecuting on filter Microsoft.AspNetCore.Mvc.ViewFeatures.Internal.SaveTempDataFilter. 
2019-06-19 17:41:22.2117|DEBUG| Attempting to bind parameter 'model' of type 'Chop9ja.API.Models.ViewModels.UserLoginViewModel' ... 
2019-06-19 17:41:22.2302|DEBUG| Attempting to bind parameter 'model' of type 'Chop9ja.API.Models.ViewModels.UserLoginViewModel' using the name '' in request data ... 
2019-06-19 17:41:22.2597|DEBUG| Rejected input formatter 'Microsoft.AspNetCore.Mvc.Formatters.JsonPatchInputFormatter' for content type 'application/json'. 
2019-06-19 17:41:22.2597|DEBUG| Selected input formatter 'Microsoft.AspNetCore.Mvc.Formatters.JsonInputFormatter' for content type 'application/json'. 
2019-06-19 17:41:22.3240|DEBUG| Connection id "0HLNKQJP2U7BU", Request id "0HLNKQJP2U7BU:00000001": started reading request body. 
2019-06-19 17:41:22.3519|DEBUG| Connection id "0HLNKQJP2U7BU", Request id "0HLNKQJP2U7BU:00000001": done reading request body. 
2019-06-19 17:41:22.3940|DEBUG| Done attempting to bind parameter 'model' of type 'Chop9ja.API.Models.ViewModels.UserLoginViewModel'. 
2019-06-19 17:41:22.4254|DEBUG| Done attempting to bind parameter 'model' of type 'Chop9ja.API.Models.ViewModels.UserLoginViewModel'. 
2019-06-19 17:41:22.4313|DEBUG| Attempting to validate the bound parameter 'model' of type 'Chop9ja.API.Models.ViewModels.UserLoginViewModel' ... 
2019-06-19 17:41:22.4740|DEBUG| Done attempting to validate the bound parameter 'model' of type 'Chop9ja.API.Models.ViewModels.UserLoginViewModel'. 
2019-06-19 17:41:22.4862|TRACE| Action Filter: Before executing OnActionExecuting on filter Microsoft.AspNetCore.Mvc.ModelBinding.UnsupportedContentTypeFilter. 
2019-06-19 17:41:22.4925|TRACE| Action Filter: After executing OnActionExecuting on filter Microsoft.AspNetCore.Mvc.ModelBinding.UnsupportedContentTypeFilter. 
2019-06-19 17:41:22.4925|TRACE| Action Filter: Before executing OnActionExecuting on filter Microsoft.AspNetCore.Mvc.Infrastructure.ModelStateInvalidFilter. 
2019-06-19 17:41:22.4925|TRACE| Action Filter: After executing OnActionExecuting on filter Microsoft.AspNetCore.Mvc.Infrastructure.ModelStateInvalidFilter. 
2019-06-19 17:41:22.4925|INFO| Executing action method Chop9ja.API.Controllers.AuthController.Login (Chop9ja.API) - Validation state: Valid 
2019-06-19 17:41:22.5103|TRACE| Executing action method Chop9ja.API.Controllers.AuthController.Login (Chop9ja.API) with arguments (Chop9ja.API.Models.ViewModels.UserLoginViewModel) 
2019-06-19 17:41:25.3775|INFO| Executed action method Chop9ja.API.Controllers.AuthController.Login (Chop9ja.API), returned result Microsoft.AspNetCore.Mvc.OkObjectResult in 2845.9674ms. 
2019-06-19 17:41:25.3833|TRACE| Action Filter: Before executing OnActionExecuted on filter Microsoft.AspNetCore.Mvc.Infrastructure.ModelStateInvalidFilter. 
2019-06-19 17:41:25.3833|TRACE| Action Filter: After executing OnActionExecuted on filter Microsoft.AspNetCore.Mvc.Infrastructure.ModelStateInvalidFilter. 
2019-06-19 17:41:25.3833|TRACE| Action Filter: Before executing OnActionExecuted on filter Microsoft.AspNetCore.Mvc.ModelBinding.UnsupportedContentTypeFilter. 
2019-06-19 17:41:25.4043|TRACE| Action Filter: After executing OnActionExecuted on filter Microsoft.AspNetCore.Mvc.ModelBinding.UnsupportedContentTypeFilter. 
2019-06-19 17:41:25.4043|TRACE| Result Filter: Before executing OnResultExecuting on filter Microsoft.AspNetCore.Mvc.ViewFeatures.Internal.SaveTempDataFilter. 
2019-06-19 17:41:25.4043|TRACE| Result Filter: After executing OnResultExecuting on filter Microsoft.AspNetCore.Mvc.ViewFeatures.Internal.SaveTempDataFilter. 
2019-06-19 17:41:25.4150|TRACE| Result Filter: Before executing OnResultExecuting on filter Microsoft.AspNetCore.Mvc.Infrastructure.ClientErrorResultFilter. 
2019-06-19 17:41:25.4150|TRACE| Result Filter: After executing OnResultExecuting on filter Microsoft.AspNetCore.Mvc.Infrastructure.ClientErrorResultFilter. 
2019-06-19 17:41:25.4150|TRACE| Before executing action result Microsoft.AspNetCore.Mvc.OkObjectResult. 
2019-06-19 17:41:25.4330|DEBUG| List of registered output formatters, in the following order: Microsoft.AspNetCore.Mvc.Formatters.HttpNoContentOutputFormatter, Microsoft.AspNetCore.Mvc.Formatters.StringOutputFormatter, Microsoft.AspNetCore.Mvc.Formatters.StreamOutputFormatter, Microsoft.AspNetCore.Mvc.Formatters.JsonOutputFormatter 
2019-06-19 17:41:25.4693|DEBUG| No information found on request to perform content negotiation. 
2019-06-19 17:41:25.4776|DEBUG| Attempting to select an output formatter without using a content type as no explicit content types were specified for the response. 
2019-06-19 17:41:25.4936|DEBUG| Attempting to select the first formatter in the output formatters list which can write the result. 
2019-06-19 17:41:25.4936|DEBUG| Selected output formatter 'Microsoft.AspNetCore.Mvc.Formatters.JsonOutputFormatter' and content type 'application/json' to write the response. 
2019-06-19 17:41:25.5200|INFO| Executing ObjectResult, writing value of type 'Chop9ja.API.Models.ViewModels.AccessTokenModel'. 
2019-06-19 17:41:25.5983|TRACE| After executing action result Microsoft.AspNetCore.Mvc.OkObjectResult. 
2019-06-19 17:41:25.6030|TRACE| Result Filter: Before executing OnResultExecuted on filter Microsoft.AspNetCore.Mvc.Infrastructure.ClientErrorResultFilter. 
2019-06-19 17:41:25.6030|TRACE| Result Filter: After executing OnResultExecuted on filter Microsoft.AspNetCore.Mvc.Infrastructure.ClientErrorResultFilter. 
2019-06-19 17:41:25.6030|TRACE| Result Filter: Before executing OnResultExecuted on filter Microsoft.AspNetCore.Mvc.ViewFeatures.Internal.SaveTempDataFilter. 
2019-06-19 17:41:25.6030|TRACE| Result Filter: After executing OnResultExecuted on filter Microsoft.AspNetCore.Mvc.ViewFeatures.Internal.SaveTempDataFilter. 
2019-06-19 17:41:25.6030|TRACE| Resource Filter: Before executing OnResourceExecuted on filter Microsoft.AspNetCore.Mvc.ViewFeatures.Internal.SaveTempDataFilter. 
2019-06-19 17:41:25.6030|TRACE| Resource Filter: After executing OnResourceExecuted on filter Microsoft.AspNetCore.Mvc.ViewFeatures.Internal.SaveTempDataFilter. 
2019-06-19 17:41:25.6247|INFO| Executed action Chop9ja.API.Controllers.AuthController.Login (Chop9ja.API) in 6720.3212ms 
2019-06-19 17:41:25.6313|INFO| Executed endpoint 'Chop9ja.API.Controllers.AuthController.Login (Chop9ja.API)' 
2019-06-19 17:41:25.6605|DEBUG| Connection id "0HLNKQJP2U7BU" completed keep alive response. 
2019-06-19 17:41:25.7296|INFO| Request finished in 9349.4079ms 200 application/json; charset=utf-8 
2019-06-19 17:43:26.2900|DEBUG| Connection id "0HLNKQJP2U7BU" disconnecting. 
2019-06-19 17:43:26.3124|DEBUG| Connection id "0HLNKQJP2U7BU" sending FIN because: "The Socket transport's send loop completed gracefully." 
2019-06-19 17:43:26.3197|DEBUG| Connection id "0HLNKQJP2U7BU" stopped. 
2019-06-19 22:35:59.9779|DEBUG| Hosting shutdown 
2019-06-21 22:12:44.8831|INFO| 

 
2019-06-21 22:12:45.1997|INFO| *** Application Started ***
Welcome to the Chop9ja API
Built by Prince Owen
Under the supervision of Dev-Lynx Technologies
Copyright 2019.
All rights reserved.

 
2019-06-21 22:12:54.6557|DEBUG| Successfully registered the service provider 
2019-06-21 22:12:54.9484|DEBUG| Hosting starting 
2019-06-21 22:12:55.5020|INFO| User profile is available. Using 'C:\Users\princ\AppData\Local\ASP.NET\DataProtection-Keys' as key repository and Windows DPAPI to encrypt keys at rest. 
2019-06-21 22:12:55.5580|DEBUG| Reading data from file 'C:\Users\princ\AppData\Local\ASP.NET\DataProtection-Keys\key-18916efd-b695-4d36-b241-b546bb59b759.xml'. 
2019-06-21 22:12:55.6932|DEBUG| Reading data from file 'C:\Users\princ\AppData\Local\ASP.NET\DataProtection-Keys\key-26184869-4bd5-4412-8f9e-5a00a9bed5d6.xml'. 
2019-06-21 22:12:55.8414|DEBUG| Found key {18916efd-b695-4d36-b241-b546bb59b759}. 
2019-06-21 22:12:55.8916|DEBUG| Found key {26184869-4bd5-4412-8f9e-5a00a9bed5d6}. 
2019-06-21 22:12:55.9549|DEBUG| Considering key {18916efd-b695-4d36-b241-b546bb59b759} with expiration date 2019-07-05 14:21:07Z as default key. 
2019-06-21 22:12:56.0496|DEBUG| Forwarded activator type request from Microsoft.AspNetCore.DataProtection.XmlEncryption.DpapiXmlDecryptor, Microsoft.AspNetCore.DataProtection, Version=2.1.1.0, Culture=neutral, PublicKeyToken=adb9793829ddae60 to Microsoft.AspNetCore.DataProtection.XmlEncryption.DpapiXmlDecryptor, Microsoft.AspNetCore.DataProtection, Culture=neutral, PublicKeyToken=adb9793829ddae60 
2019-06-21 22:12:56.1551|DEBUG| Decrypting secret element using Windows DPAPI. 
2019-06-21 22:12:56.2504|DEBUG| Forwarded activator type request from Microsoft.AspNetCore.DataProtection.AuthenticatedEncryption.ConfigurationModel.AuthenticatedEncryptorDescriptorDeserializer, Microsoft.AspNetCore.DataProtection, Version=2.1.1.0, Culture=neutral, PublicKeyToken=adb9793829ddae60 to Microsoft.AspNetCore.DataProtection.AuthenticatedEncryption.ConfigurationModel.AuthenticatedEncryptorDescriptorDeserializer, Microsoft.AspNetCore.DataProtection, Culture=neutral, PublicKeyToken=adb9793829ddae60 
2019-06-21 22:12:56.5325|DEBUG| Opening CNG algorithm 'AES' from provider '(null)' with chaining mode CBC. 
2019-06-21 22:12:56.6172|DEBUG| Opening CNG algorithm 'SHA256' from provider '(null)' with HMAC. 
2019-06-21 22:12:56.8927|DEBUG| Using key {18916efd-b695-4d36-b241-b546bb59b759} as the default key. 
2019-06-21 22:12:56.9189|DEBUG| Key ring with default key {18916efd-b695-4d36-b241-b546bb59b759} was loaded during application startup. 
2019-06-21 22:13:17.0595|DEBUG| Chop9ja API has successfully been initialized. 
2019-06-21 22:13:17.1768|DEBUG| Compatibility switch AllowInputFormatterExceptionMessages in type MvcJsonOptions is using compatibility value True for version Version_2_2 
2019-06-21 22:13:17.3409|DEBUG| Compatibility switch AllowCombiningAuthorizeFilters in type MvcOptions is using compatibility value True for version Version_2_2 
2019-06-21 22:13:17.4715|DEBUG| Compatibility switch AllowBindingHeaderValuesToNonStringModelTypes in type MvcOptions is using compatibility value True for version Version_2_2 
2019-06-21 22:13:17.5071|DEBUG| Compatibility switch AllowValidatingTopLevelNodes in type MvcOptions is using compatibility value True for version Version_2_2 
2019-06-21 22:13:17.5071|DEBUG| Compatibility switch InputFormatterExceptionPolicy in type MvcOptions is using compatibility value MalformedInputExceptions for version Version_2_2 
2019-06-21 22:13:17.5306|DEBUG| Compatibility switch SuppressBindingUndefinedValueToEnumType in type MvcOptions is using compatibility value True for version Version_2_2 
2019-06-21 22:13:17.5477|DEBUG| Compatibility switch EnableEndpointRouting in type MvcOptions is using compatibility value True for version Version_2_2 
2019-06-21 22:13:17.5477|DEBUG| Compatibility switch MaxValidationDepth in type MvcOptions is using compatibility value 32 for version Version_2_2 
2019-06-21 22:13:17.5742|DEBUG| Compatibility switch AllowShortCircuitingValidationWhenNoValidatorsArePresent in type MvcOptions is using compatibility value True for version Version_2_2 
2019-06-21 22:13:17.6099|DEBUG| Compatibility switch SuppressMapClientErrors in type ApiBehaviorOptions is using default value False 
2019-06-21 22:13:17.6099|DEBUG| Compatibility switch SuppressUseValidationProblemDetailsForInvalidModelStateResponses in type ApiBehaviorOptions is using default value False 
2019-06-21 22:13:17.6350|DEBUG| Compatibility switch AllowInferringBindingSourceForCollectionTypesAsFromQuery in type ApiBehaviorOptions is using default value False 
2019-06-21 22:13:17.6696|DEBUG| Compatibility switch AllowAreas in type RazorPagesOptions is using compatibility value True for version Version_2_2 
2019-06-21 22:13:17.6772|DEBUG| Compatibility switch AllowMappingHeadRequestsToGetHandler in type RazorPagesOptions is using compatibility value True for version Version_2_2 
2019-06-21 22:13:17.6943|DEBUG| Compatibility switch AllowDefaultHandlingForOptionsRequests in type RazorPagesOptions is using compatibility value True for version Version_2_2 
2019-06-21 22:13:17.7802|DEBUG| Compatibility switch AllowRecompilingViewsOnFileChange in type RazorViewEngineOptions is using default value False 
2019-06-21 22:13:17.8822|DEBUG| Compatibility switch SuppressTempDataAttributePrefix in type MvcViewOptions is using compatibility value True for version Version_2_2 
2019-06-21 22:13:17.8953|DEBUG| Compatibility switch AllowRenderingMaxLengthAttribute in type MvcViewOptions is using compatibility value True for version Version_2_2 
2019-06-21 22:13:17.9617|DEBUG| Registered model binder providers, in the following order: Microsoft.AspNetCore.Mvc.ModelBinding.Binders.BinderTypeModelBinderProvider, Microsoft.AspNetCore.Mvc.ModelBinding.Binders.ServicesModelBinderProvider, Microsoft.AspNetCore.Mvc.ModelBinding.Binders.BodyModelBinderProvider, Microsoft.AspNetCore.Mvc.ModelBinding.Binders.HeaderModelBinderProvider, Microsoft.AspNetCore.Mvc.ModelBinding.Binders.FloatingPointTypeModelBinderProvider, Microsoft.AspNetCore.Mvc.ModelBinding.Binders.EnumTypeModelBinderProvider, Microsoft.AspNetCore.Mvc.ModelBinding.Binders.SimpleTypeModelBinderProvider, Microsoft.AspNetCore.Mvc.ModelBinding.Binders.CancellationTokenModelBinderProvider, Microsoft.AspNetCore.Mvc.ModelBinding.Binders.ByteArrayModelBinderProvider, Microsoft.AspNetCore.Mvc.ModelBinding.Binders.FormFileModelBinderProvider, Microsoft.AspNetCore.Mvc.ModelBinding.Binders.FormCollectionModelBinderProvider, Microsoft.AspNetCore.Mvc.ModelBinding.Binders.KeyValuePairModelBinderProvider, Microsoft.AspNetCore.Mvc.ModelBinding.Binders.DictionaryModelBinderProvider, Microsoft.AspNetCore.Mvc.ModelBinding.Binders.ArrayModelBinderProvider, Microsoft.AspNetCore.Mvc.ModelBinding.Binders.CollectionModelBinderProvider, Microsoft.AspNetCore.Mvc.ModelBinding.Binders.ComplexTypeModelBinderProvider 
2019-06-21 22:13:18.2582|DEBUG| Failed to locate the development https certificate at '(null)'. 
2019-06-21 22:13:18.6466|DEBUG| Using development certificate: CN=localhost (Thumbprint: 4B845F03251A4DEAA09BCDC8D71B07E89C2A21D6) 
2019-06-21 22:13:18.6753|DEBUG| No listening endpoints were configured. Binding to http://localhost:5000 and https://localhost:5001 by default. 
2019-06-21 22:13:18.6931|DEBUG| Hosting started 
2019-06-21 22:13:18.7071|DEBUG| Loaded hosting startup assembly Chop9ja.API 
2019-06-21 22:13:25.2585|DEBUG| Connection id "0HLNMHL66NIPK" started. 
2019-06-21 22:13:25.5133|DEBUG| Connection id "0HLNMHL66NIPK" received FIN. 
2019-06-21 22:13:25.5470|DEBUG| Connection id "0HLNMHL66NIPL" started. 
2019-06-21 22:13:25.5470|DEBUG| Connection id "0HLNMHL66NIPK" sending FIN because: "The client closed the connection." 
2019-06-21 22:13:25.5939|DEBUG| Connection id "0HLNMHL66NIPK" disconnecting. 
2019-06-21 22:13:25.6564|DEBUG| Connection id "0HLNMHL66NIPK" stopped. 
2019-06-21 22:13:25.6736|INFO| Request starting HTTP/1.1 POST http://localhost:5000/api/auth/register application/json 278 
2019-06-21 22:13:25.7064|DEBUG| Wildcard detected, all requests with hosts will be allowed. 
2019-06-21 22:13:25.7371|TRACE| All hosts are allowed. 
2019-06-21 22:13:25.7371|DEBUG| The request is insecure. Skipping HSTS header. 
2019-06-21 22:13:25.8876|DEBUG| AuthenticationScheme: Bearer was not authenticated. 
2019-06-21 22:13:25.9520|DEBUG| POST requests are not supported 
2019-06-21 22:13:25.9660|DEBUG| POST requests are not supported 
2019-06-21 22:13:26.1104|DEBUG| 1 candidate(s) found for the request path '/api/auth/register' 
2019-06-21 22:13:26.1526|DEBUG| Endpoint 'Chop9ja.API.Controllers.AuthController.Register (Chop9ja.API)' with route pattern 'api/Auth/register' is valid for the request path '/api/auth/register' 
2019-06-21 22:13:26.1716|DEBUG| Request matched endpoint 'Chop9ja.API.Controllers.AuthController.Register (Chop9ja.API)' 
2019-06-21 22:13:26.1904|INFO| Executing endpoint 'Chop9ja.API.Controllers.AuthController.Register (Chop9ja.API)' 
2019-06-21 22:13:26.3520|INFO| Route matched with {action = "Register", controller = "Auth"}. Executing controller action with signature System.Threading.Tasks.Task`1[Microsoft.AspNetCore.Mvc.IActionResult] Register(Chop9ja.API.Models.ViewModels.UserRegistrationViewModel) on controller Chop9ja.API.Controllers.AuthController (Chop9ja.API). 
2019-06-21 22:13:26.3689|DEBUG| Execution plan of authorization filters (in the following order): None 
2019-06-21 22:13:26.3844|DEBUG| Execution plan of resource filters (in the following order): Microsoft.AspNetCore.Mvc.ViewFeatures.Internal.SaveTempDataFilter 
2019-06-21 22:13:26.3999|DEBUG| Execution plan of action filters (in the following order): Microsoft.AspNetCore.Mvc.ModelBinding.UnsupportedContentTypeFilter (Order: -3000), Microsoft.AspNetCore.Mvc.Infrastructure.ModelStateInvalidFilter (Order: -2000) 
2019-06-21 22:13:26.4194|DEBUG| Execution plan of exception filters (in the following order): None 
2019-06-21 22:13:26.4359|DEBUG| Execution plan of result filters (in the following order): Microsoft.AspNetCore.Mvc.ViewFeatures.Internal.SaveTempDataFilter, Microsoft.AspNetCore.Mvc.Infrastructure.ClientErrorResultFilter (Order: -2000) 
2019-06-21 22:13:26.4569|TRACE| Resource Filter: Before executing OnResourceExecuting on filter Microsoft.AspNetCore.Mvc.ViewFeatures.Internal.SaveTempDataFilter. 
2019-06-21 22:13:26.4569|TRACE| Resource Filter: After executing OnResourceExecuting on filter Microsoft.AspNetCore.Mvc.ViewFeatures.Internal.SaveTempDataFilter. 
2019-06-21 22:13:35.5783|DEBUG| Attempting to bind parameter 'model' of type 'Chop9ja.API.Models.ViewModels.UserRegistrationViewModel' ... 
2019-06-21 22:13:35.6164|DEBUG| Attempting to bind parameter 'model' of type 'Chop9ja.API.Models.ViewModels.UserRegistrationViewModel' using the name '' in request data ... 
2019-06-21 22:13:35.6837|DEBUG| Rejected input formatter 'Microsoft.AspNetCore.Mvc.Formatters.JsonPatchInputFormatter' for content type 'application/json'. 
2019-06-21 22:13:35.7488|DEBUG| Selected input formatter 'Microsoft.AspNetCore.Mvc.Formatters.JsonInputFormatter' for content type 'application/json'. 
2019-06-21 22:13:35.8345|DEBUG| Connection id "0HLNMHL66NIPL", Request id "0HLNMHL66NIPL:00000001": started reading request body. 
2019-06-21 22:13:35.8696|DEBUG| Connection id "0HLNMHL66NIPL", Request id "0HLNMHL66NIPL:00000001": done reading request body. 
2019-06-21 22:13:35.9453|DEBUG| Done attempting to bind parameter 'model' of type 'Chop9ja.API.Models.ViewModels.UserRegistrationViewModel'. 
2019-06-21 22:13:35.9532|DEBUG| Done attempting to bind parameter 'model' of type 'Chop9ja.API.Models.ViewModels.UserRegistrationViewModel'. 
2019-06-21 22:13:35.9532|DEBUG| Attempting to validate the bound parameter 'model' of type 'Chop9ja.API.Models.ViewModels.UserRegistrationViewModel' ... 
2019-06-21 22:13:36.0315|DEBUG| Done attempting to validate the bound parameter 'model' of type 'Chop9ja.API.Models.ViewModels.UserRegistrationViewModel'. 
2019-06-21 22:13:36.0315|TRACE| Action Filter: Before executing OnActionExecuting on filter Microsoft.AspNetCore.Mvc.ModelBinding.UnsupportedContentTypeFilter. 
2019-06-21 22:13:36.0315|TRACE| Action Filter: After executing OnActionExecuting on filter Microsoft.AspNetCore.Mvc.ModelBinding.UnsupportedContentTypeFilter. 
2019-06-21 22:13:36.0497|TRACE| Action Filter: Before executing OnActionExecuting on filter Microsoft.AspNetCore.Mvc.Infrastructure.ModelStateInvalidFilter. 
2019-06-21 22:13:36.0497|TRACE| Action Filter: After executing OnActionExecuting on filter Microsoft.AspNetCore.Mvc.Infrastructure.ModelStateInvalidFilter. 
2019-06-21 22:13:36.0497|INFO| Executing action method Chop9ja.API.Controllers.AuthController.Register (Chop9ja.API) - Validation state: Valid 
2019-06-21 22:13:36.0826|TRACE| Executing action method Chop9ja.API.Controllers.AuthController.Register (Chop9ja.API) with arguments (Chop9ja.API.Models.ViewModels.UserRegistrationViewModel) 
2019-06-21 22:13:38.7584|TRACE| Action Filter: Before executing OnActionExecuted on filter Microsoft.AspNetCore.Mvc.Infrastructure.ModelStateInvalidFilter. 
2019-06-21 22:13:38.7584|TRACE| Action Filter: After executing OnActionExecuted on filter Microsoft.AspNetCore.Mvc.Infrastructure.ModelStateInvalidFilter. 
2019-06-21 22:13:38.7798|TRACE| Action Filter: Before executing OnActionExecuted on filter Microsoft.AspNetCore.Mvc.ModelBinding.UnsupportedContentTypeFilter. 
2019-06-21 22:13:38.7906|TRACE| Action Filter: After executing OnActionExecuted on filter Microsoft.AspNetCore.Mvc.ModelBinding.UnsupportedContentTypeFilter. 
2019-06-21 22:13:38.7989|TRACE| Resource Filter: Before executing OnResourceExecuted on filter Microsoft.AspNetCore.Mvc.ViewFeatures.Internal.SaveTempDataFilter. 
2019-06-21 22:13:38.7989|TRACE| Resource Filter: After executing OnResourceExecuted on filter Microsoft.AspNetCore.Mvc.ViewFeatures.Internal.SaveTempDataFilter. 
2019-06-21 22:13:38.7989|INFO| Executed action Chop9ja.API.Controllers.AuthController.Register (Chop9ja.API) in 12353.3724ms 
2019-06-21 22:13:38.8633|INFO| Executed endpoint 'Chop9ja.API.Controllers.AuthController.Register (Chop9ja.API)' 
2019-06-21 22:13:38.9408|ERROR| An unhandled exception has occurred while executing the request. System.FormatException: An error occurred while deserializing the Roles property of class AspNetCore.Identity.MongoDbCore.Models.MongoIdentityUser`1[[System.Guid, System.Private.CoreLib, Version=4.0.0.0, Culture=neutral, PublicKeyToken=7cec85d7bea7798e]]: Guid should contain 32 digits with 4 dashes (xxxxxxxx-xxxx-xxxx-xxxx-xxxxxxxxxxxx). ---> System.FormatException: Guid should contain 32 digits with 4 dashes (xxxxxxxx-xxxx-xxxx-xxxx-xxxxxxxxxxxx).
   at System.Guid.GuidResult.SetFailure(ParseFailureKind failure, String failureMessageID, Object failureMessageFormatArgument, String failureArgumentName, Exception innerException)
   at System.Guid.TryParseGuidWithNoStyle(ReadOnlySpan`1 guidString, GuidResult& result)
   at System.Guid.TryParseGuid(ReadOnlySpan`1 guidString, GuidStyles flags, GuidResult& result)
   at System.Guid..ctor(String g)
   at MongoDB.Bson.Serialization.Serializers.GuidSerializer.Deserialize(BsonDeserializationContext context, BsonDeserializationArgs args)
   at MongoDB.Bson.Serialization.IBsonSerializerExtensions.Deserialize[TValue](IBsonSerializer`1 serializer, BsonDeserializationContext context)
   at MongoDB.Bson.Serialization.Serializers.EnumerableSerializerBase`2.Deserialize(BsonDeserializationContext context, BsonDeserializationArgs args)
   at MongoDB.Bson.Serialization.Serializers.SerializerBase`1.MongoDB.Bson.Serialization.IBsonSerializer.Deserialize(BsonDeserializationContext context, BsonDeserializationArgs args)
   at MongoDB.Bson.Serialization.IBsonSerializerExtensions.Deserialize(IBsonSerializer serializer, BsonDeserializationContext context)
   at MongoDB.Bson.Serialization.BsonClassMapSerializer`1.DeserializeMemberValue(BsonDeserializationContext context, BsonMemberMap memberMap)
   --- End of inner exception stack trace ---
   at MongoDB.Bson.Serialization.BsonClassMapSerializer`1.DeserializeMemberValue(BsonDeserializationContext context, BsonMemberMap memberMap)
   at MongoDB.Bson.Serialization.BsonClassMapSerializer`1.DeserializeClass(BsonDeserializationContext context)
   at MongoDB.Bson.Serialization.BsonClassMapSerializer`1.Deserialize(BsonDeserializationContext context, BsonDeserializationArgs args)
   at MongoDB.Bson.Serialization.IBsonSerializerExtensions.Deserialize[TValue](IBsonSerializer`1 serializer, BsonDeserializationContext context)
   at MongoDB.Driver.Core.Operations.CursorBatchDeserializationHelper.DeserializeBatch[TDocument](RawBsonArray batch, IBsonSerializer`1 documentSerializer, MessageEncoderSettings messageEncoderSettings)
   at MongoDB.Driver.Core.Operations.FindCommandOperation`1.CreateCursorBatch(BsonDocument commandResult)
   at MongoDB.Driver.Core.Operations.FindCommandOperation`1.CreateCursor(IChannelSourceHandle channelSource, BsonDocument commandResult)
   at MongoDB.Driver.Core.Operations.FindCommandOperation`1.ExecuteAsync(IReadBinding binding, CancellationToken cancellationToken)
   at MongoDB.Driver.Core.Operations.FindOperation`1.ExecuteAsync(IReadBinding binding, CancellationToken cancellationToken)
   at MongoDB.Driver.OperationExecutor.ExecuteReadOperationAsync[TResult](IReadBinding binding, IReadOperation`1 operation, CancellationToken cancellationToken)
   at MongoDB.Driver.MongoCollectionImpl`1.ExecuteReadOperationAsync[TResult](IClientSessionHandle session, IReadOperation`1 operation, ReadPreference readPreference, CancellationToken cancellationToken)
   at MongoDB.Driver.MongoCollectionImpl`1.UsingImplicitSessionAsync[TResult](Func`2 funcAsync, CancellationToken cancellationToken)
   at MongoDB.Driver.IAsyncCursorSourceExtensions.FirstOrDefaultAsync[TDocument](IAsyncCursorSource`1 source, CancellationToken cancellationToken)
   at MongoDbGenericRepository.DataAccess.Read.MongoDbReader.GetOneAsync[TDocument,TKey](Expression`1 filter, String partitionKey)
   at MongoDbGenericRepository.ReadOnlyMongoRepository.GetOneAsync[TDocument,TKey](Expression`1 filter, String partitionKey)
   at Microsoft.AspNetCore.Identity.UserManager`1.FindByNameAsync(String userName)
   at Microsoft.AspNetCore.Identity.UserValidator`1.ValidateUserName(UserManager`1 manager, TUser user, ICollection`1 errors)
   at Microsoft.AspNetCore.Identity.UserValidator`1.ValidateAsync(UserManager`1 manager, TUser user)
   at Microsoft.AspNetCore.Identity.UserManager`1.ValidateUserAsync(TUser user)
   at Microsoft.AspNetCore.Identity.UserManager`1.CreateAsync(TUser user)
   at Chop9ja.API.Controllers.AuthController.Register(UserRegistrationViewModel model) in C:\Users\princ\source\repos\Chop9ja\Chop9ja.API\Controllers\AuthController.cs:line 90
   at Microsoft.AspNetCore.Mvc.Internal.ActionMethodExecutor.TaskOfIActionResultExecutor.Execute(IActionResultTypeMapper mapper, ObjectMethodExecutor executor, Object controller, Object[] arguments)
   at System.Threading.Tasks.ValueTask`1.get_Result()
   at Microsoft.AspNetCore.Mvc.Internal.ControllerActionInvoker.InvokeActionMethodAsync()
   at Microsoft.AspNetCore.Mvc.Internal.ControllerActionInvoker.InvokeNextActionFilterAsync()
   at Microsoft.AspNetCore.Mvc.Internal.ControllerActionInvoker.Rethrow(ActionExecutedContext context)
   at Microsoft.AspNetCore.Mvc.Internal.ControllerActionInvoker.Next(State& next, Scope& scope, Object& state, Boolean& isCompleted)
   at Microsoft.AspNetCore.Mvc.Internal.ControllerActionInvoker.InvokeInnerFilterAsync()
   at Microsoft.AspNetCore.Mvc.Internal.ResourceInvoker.InvokeNextResourceFilter()
   at Microsoft.AspNetCore.Mvc.Internal.ResourceInvoker.Rethrow(ResourceExecutedContext context)
   at Microsoft.AspNetCore.Mvc.Internal.ResourceInvoker.Next(State& next, Scope& scope, Object& state, Boolean& isCompleted)
   at Microsoft.AspNetCore.Mvc.Internal.ResourceInvoker.InvokeFilterPipelineAsync()
   at Microsoft.AspNetCore.Mvc.Internal.ResourceInvoker.InvokeAsync()
   at Microsoft.AspNetCore.Routing.EndpointMiddleware.Invoke(HttpContext httpContext)
   at Microsoft.AspNetCore.Routing.EndpointRoutingMiddleware.Invoke(HttpContext httpContext)
   at Microsoft.AspNetCore.Diagnostics.ExceptionHandlerMiddleware.Invoke(HttpContext context)
2019-06-21 22:13:41.3126|ERROR| Something went wrong: System.FormatException: An error occurred while deserializing the Roles property of class AspNetCore.Identity.MongoDbCore.Models.MongoIdentityUser`1[[System.Guid, System.Private.CoreLib, Version=4.0.0.0, Culture=neutral, PublicKeyToken=7cec85d7bea7798e]]: Guid should contain 32 digits with 4 dashes (xxxxxxxx-xxxx-xxxx-xxxx-xxxxxxxxxxxx). ---> System.FormatException: Guid should contain 32 digits with 4 dashes (xxxxxxxx-xxxx-xxxx-xxxx-xxxxxxxxxxxx).
   at System.Guid.GuidResult.SetFailure(ParseFailureKind failure, String failureMessageID, Object failureMessageFormatArgument, String failureArgumentName, Exception innerException)
   at System.Guid.TryParseGuidWithNoStyle(ReadOnlySpan`1 guidString, GuidResult& result)
   at System.Guid.TryParseGuid(ReadOnlySpan`1 guidString, GuidStyles flags, GuidResult& result)
   at System.Guid..ctor(String g)
   at MongoDB.Bson.Serialization.Serializers.GuidSerializer.Deserialize(BsonDeserializationContext context, BsonDeserializationArgs args)
   at MongoDB.Bson.Serialization.IBsonSerializerExtensions.Deserialize[TValue](IBsonSerializer`1 serializer, BsonDeserializationContext context)
   at MongoDB.Bson.Serialization.Serializers.EnumerableSerializerBase`2.Deserialize(BsonDeserializationContext context, BsonDeserializationArgs args)
   at MongoDB.Bson.Serialization.Serializers.SerializerBase`1.MongoDB.Bson.Serialization.IBsonSerializer.Deserialize(BsonDeserializationContext context, BsonDeserializationArgs args)
   at MongoDB.Bson.Serialization.IBsonSerializerExtensions.Deserialize(IBsonSerializer serializer, BsonDeserializationContext context)
   at MongoDB.Bson.Serialization.BsonClassMapSerializer`1.DeserializeMemberValue(BsonDeserializationContext context, BsonMemberMap memberMap)
   --- End of inner exception stack trace ---
   at MongoDB.Bson.Serialization.BsonClassMapSerializer`1.DeserializeMemberValue(BsonDeserializationContext context, BsonMemberMap memberMap)
   at MongoDB.Bson.Serialization.BsonClassMapSerializer`1.DeserializeClass(BsonDeserializationContext context)
   at MongoDB.Bson.Serialization.BsonClassMapSerializer`1.Deserialize(BsonDeserializationContext context, BsonDeserializationArgs args)
   at MongoDB.Bson.Serialization.IBsonSerializerExtensions.Deserialize[TValue](IBsonSerializer`1 serializer, BsonDeserializationContext context)
   at MongoDB.Driver.Core.Operations.CursorBatchDeserializationHelper.DeserializeBatch[TDocument](RawBsonArray batch, IBsonSerializer`1 documentSerializer, MessageEncoderSettings messageEncoderSettings)
   at MongoDB.Driver.Core.Operations.FindCommandOperation`1.CreateCursorBatch(BsonDocument commandResult)
   at MongoDB.Driver.Core.Operations.FindCommandOperation`1.CreateCursor(IChannelSourceHandle channelSource, BsonDocument commandResult)
   at MongoDB.Driver.Core.Operations.FindCommandOperation`1.ExecuteAsync(IReadBinding binding, CancellationToken cancellationToken)
   at MongoDB.Driver.Core.Operations.FindOperation`1.ExecuteAsync(IReadBinding binding, CancellationToken cancellationToken)
   at MongoDB.Driver.OperationExecutor.ExecuteReadOperationAsync[TResult](IReadBinding binding, IReadOperation`1 operation, CancellationToken cancellationToken)
   at MongoDB.Driver.MongoCollectionImpl`1.ExecuteReadOperationAsync[TResult](IClientSessionHandle session, IReadOperation`1 operation, ReadPreference readPreference, CancellationToken cancellationToken)
   at MongoDB.Driver.MongoCollectionImpl`1.UsingImplicitSessionAsync[TResult](Func`2 funcAsync, CancellationToken cancellationToken)
   at MongoDB.Driver.IAsyncCursorSourceExtensions.FirstOrDefaultAsync[TDocument](IAsyncCursorSource`1 source, CancellationToken cancellationToken)
   at MongoDbGenericRepository.DataAccess.Read.MongoDbReader.GetOneAsync[TDocument,TKey](Expression`1 filter, String partitionKey)
   at MongoDbGenericRepository.ReadOnlyMongoRepository.GetOneAsync[TDocument,TKey](Expression`1 filter, String partitionKey)
   at Microsoft.AspNetCore.Identity.UserManager`1.FindByNameAsync(String userName)
   at Microsoft.AspNetCore.Identity.UserValidator`1.ValidateUserName(UserManager`1 manager, TUser user, ICollection`1 errors)
   at Microsoft.AspNetCore.Identity.UserValidator`1.ValidateAsync(UserManager`1 manager, TUser user)
   at Microsoft.AspNetCore.Identity.UserManager`1.ValidateUserAsync(TUser user)
   at Microsoft.AspNetCore.Identity.UserManager`1.CreateAsync(TUser user)
   at Chop9ja.API.Controllers.AuthController.Register(UserRegistrationViewModel model) in C:\Users\princ\source\repos\Chop9ja\Chop9ja.API\Controllers\AuthController.cs:line 90
   at Microsoft.AspNetCore.Mvc.Internal.ActionMethodExecutor.TaskOfIActionResultExecutor.Execute(IActionResultTypeMapper mapper, ObjectMethodExecutor executor, Object controller, Object[] arguments)
   at System.Threading.Tasks.ValueTask`1.get_Result()
   at Microsoft.AspNetCore.Mvc.Internal.ControllerActionInvoker.InvokeActionMethodAsync()
   at Microsoft.AspNetCore.Mvc.Internal.ControllerActionInvoker.InvokeNextActionFilterAsync()
   at Microsoft.AspNetCore.Mvc.Internal.ControllerActionInvoker.Rethrow(ActionExecutedContext context)
   at Microsoft.AspNetCore.Mvc.Internal.ControllerActionInvoker.Next(State& next, Scope& scope, Object& state, Boolean& isCompleted)
   at Microsoft.AspNetCore.Mvc.Internal.ControllerActionInvoker.InvokeInnerFilterAsync()
   at Microsoft.AspNetCore.Mvc.Internal.ResourceInvoker.InvokeNextResourceFilter()
   at Microsoft.AspNetCore.Mvc.Internal.ResourceInvoker.Rethrow(ResourceExecutedContext context)
   at Microsoft.AspNetCore.Mvc.Internal.ResourceInvoker.Next(State& next, Scope& scope, Object& state, Boolean& isCompleted)
   at Microsoft.AspNetCore.Mvc.Internal.ResourceInvoker.InvokeFilterPipelineAsync()
   at Microsoft.AspNetCore.Mvc.Internal.ResourceInvoker.InvokeAsync()
   at Microsoft.AspNetCore.Routing.EndpointMiddleware.Invoke(HttpContext httpContext)
   at Microsoft.AspNetCore.Routing.EndpointRoutingMiddleware.Invoke(HttpContext httpContext)
   at Microsoft.AspNetCore.Diagnostics.ExceptionHandlerMiddleware.Invoke(HttpContext context) 
2019-06-21 22:13:41.6010|DEBUG| Connection id "0HLNMHL66NIPL" completed keep alive response. 
2019-06-21 22:13:41.7702|INFO| Request finished in 16097.3735ms 500 application/json 
2019-06-21 22:14:49.5861|DEBUG| Hosting shutdown 
2019-06-21 22:14:49.7001|DEBUG| Connection id "0HLNMHL66NIPL" disconnecting. 
2019-06-21 22:14:49.7218|DEBUG| Connection id "0HLNMHL66NIPL" sending FIN because: "The Socket transport's send loop completed gracefully." 
2019-06-21 22:14:49.8309|DEBUG| Connection id "0HLNMHL66NIPL" stopped. 
2019-06-21 22:15:02.0438|INFO| 

 
2019-06-21 22:15:02.1346|INFO| *** Application Started ***
Welcome to the Chop9ja API
Built by Prince Owen
Under the supervision of Dev-Lynx Technologies
Copyright 2019.
All rights reserved.

 
2019-06-21 22:15:04.9724|DEBUG| Successfully registered the service provider 
2019-06-21 22:15:05.1201|DEBUG| Hosting starting 
2019-06-21 22:15:05.2837|INFO| User profile is available. Using 'C:\Users\princ\AppData\Local\ASP.NET\DataProtection-Keys' as key repository and Windows DPAPI to encrypt keys at rest. 
2019-06-21 22:15:05.3104|DEBUG| Reading data from file 'C:\Users\princ\AppData\Local\ASP.NET\DataProtection-Keys\key-18916efd-b695-4d36-b241-b546bb59b759.xml'. 
2019-06-21 22:15:05.3436|DEBUG| Reading data from file 'C:\Users\princ\AppData\Local\ASP.NET\DataProtection-Keys\key-26184869-4bd5-4412-8f9e-5a00a9bed5d6.xml'. 
2019-06-21 22:15:05.3616|DEBUG| Found key {18916efd-b695-4d36-b241-b546bb59b759}. 
2019-06-21 22:15:05.3763|DEBUG| Found key {26184869-4bd5-4412-8f9e-5a00a9bed5d6}. 
2019-06-21 22:15:05.4057|DEBUG| Considering key {18916efd-b695-4d36-b241-b546bb59b759} with expiration date 2019-07-05 14:21:07Z as default key. 
2019-06-21 22:15:05.4435|DEBUG| Forwarded activator type request from Microsoft.AspNetCore.DataProtection.XmlEncryption.DpapiXmlDecryptor, Microsoft.AspNetCore.DataProtection, Version=2.1.1.0, Culture=neutral, PublicKeyToken=adb9793829ddae60 to Microsoft.AspNetCore.DataProtection.XmlEncryption.DpapiXmlDecryptor, Microsoft.AspNetCore.DataProtection, Culture=neutral, PublicKeyToken=adb9793829ddae60 
2019-06-21 22:15:05.4590|DEBUG| Decrypting secret element using Windows DPAPI. 
2019-06-21 22:15:05.5117|DEBUG| Forwarded activator type request from Microsoft.AspNetCore.DataProtection.AuthenticatedEncryption.ConfigurationModel.AuthenticatedEncryptorDescriptorDeserializer, Microsoft.AspNetCore.DataProtection, Version=2.1.1.0, Culture=neutral, PublicKeyToken=adb9793829ddae60 to Microsoft.AspNetCore.DataProtection.AuthenticatedEncryption.ConfigurationModel.AuthenticatedEncryptorDescriptorDeserializer, Microsoft.AspNetCore.DataProtection, Culture=neutral, PublicKeyToken=adb9793829ddae60 
2019-06-21 22:15:05.5584|DEBUG| Opening CNG algorithm 'AES' from provider '(null)' with chaining mode CBC. 
2019-06-21 22:15:05.5940|DEBUG| Opening CNG algorithm 'SHA256' from provider '(null)' with HMAC. 
2019-06-21 22:15:05.6211|DEBUG| Using key {18916efd-b695-4d36-b241-b546bb59b759} as the default key. 
2019-06-21 22:15:05.6349|DEBUG| Key ring with default key {18916efd-b695-4d36-b241-b546bb59b759} was loaded during application startup. 
2019-06-21 22:15:36.2449|DEBUG| Chop9ja API has successfully been initialized. 
2019-06-21 22:15:36.2931|DEBUG| Compatibility switch AllowInputFormatterExceptionMessages in type MvcJsonOptions is using compatibility value True for version Version_2_2 
2019-06-21 22:15:36.3667|DEBUG| Compatibility switch AllowCombiningAuthorizeFilters in type MvcOptions is using compatibility value True for version Version_2_2 
2019-06-21 22:15:36.4102|DEBUG| Compatibility switch AllowBindingHeaderValuesToNonStringModelTypes in type MvcOptions is using compatibility value True for version Version_2_2 
2019-06-21 22:15:36.4425|DEBUG| Compatibility switch AllowValidatingTopLevelNodes in type MvcOptions is using compatibility value True for version Version_2_2 
2019-06-21 22:15:36.4673|DEBUG| Compatibility switch InputFormatterExceptionPolicy in type MvcOptions is using compatibility value MalformedInputExceptions for version Version_2_2 
2019-06-21 22:15:36.4986|DEBUG| Compatibility switch SuppressBindingUndefinedValueToEnumType in type MvcOptions is using compatibility value True for version Version_2_2 
2019-06-21 22:15:36.5193|DEBUG| Compatibility switch EnableEndpointRouting in type MvcOptions is using compatibility value True for version Version_2_2 
2019-06-21 22:15:36.5314|DEBUG| Compatibility switch MaxValidationDepth in type MvcOptions is using compatibility value 32 for version Version_2_2 
2019-06-21 22:15:36.5314|DEBUG| Compatibility switch AllowShortCircuitingValidationWhenNoValidatorsArePresent in type MvcOptions is using compatibility value True for version Version_2_2 
2019-06-21 22:15:36.5704|DEBUG| Compatibility switch SuppressMapClientErrors in type ApiBehaviorOptions is using default value False 
2019-06-21 22:15:36.5778|DEBUG| Compatibility switch SuppressUseValidationProblemDetailsForInvalidModelStateResponses in type ApiBehaviorOptions is using default value False 
2019-06-21 22:15:36.5778|DEBUG| Compatibility switch AllowInferringBindingSourceForCollectionTypesAsFromQuery in type ApiBehaviorOptions is using default value False 
2019-06-21 22:15:36.6174|DEBUG| Compatibility switch AllowAreas in type RazorPagesOptions is using compatibility value True for version Version_2_2 
2019-06-21 22:15:36.6297|DEBUG| Compatibility switch AllowMappingHeadRequestsToGetHandler in type RazorPagesOptions is using compatibility value True for version Version_2_2 
2019-06-21 22:15:36.6497|DEBUG| Compatibility switch AllowDefaultHandlingForOptionsRequests in type RazorPagesOptions is using compatibility value True for version Version_2_2 
2019-06-21 22:15:36.6672|DEBUG| Compatibility switch AllowRecompilingViewsOnFileChange in type RazorViewEngineOptions is using default value False 
2019-06-21 22:15:36.7139|DEBUG| Compatibility switch SuppressTempDataAttributePrefix in type MvcViewOptions is using compatibility value True for version Version_2_2 
2019-06-21 22:15:36.7213|DEBUG| Compatibility switch AllowRenderingMaxLengthAttribute in type MvcViewOptions is using compatibility value True for version Version_2_2 
2019-06-21 22:15:36.7594|DEBUG| Registered model binder providers, in the following order: Microsoft.AspNetCore.Mvc.ModelBinding.Binders.BinderTypeModelBinderProvider, Microsoft.AspNetCore.Mvc.ModelBinding.Binders.ServicesModelBinderProvider, Microsoft.AspNetCore.Mvc.ModelBinding.Binders.BodyModelBinderProvider, Microsoft.AspNetCore.Mvc.ModelBinding.Binders.HeaderModelBinderProvider, Microsoft.AspNetCore.Mvc.ModelBinding.Binders.FloatingPointTypeModelBinderProvider, Microsoft.AspNetCore.Mvc.ModelBinding.Binders.EnumTypeModelBinderProvider, Microsoft.AspNetCore.Mvc.ModelBinding.Binders.SimpleTypeModelBinderProvider, Microsoft.AspNetCore.Mvc.ModelBinding.Binders.CancellationTokenModelBinderProvider, Microsoft.AspNetCore.Mvc.ModelBinding.Binders.ByteArrayModelBinderProvider, Microsoft.AspNetCore.Mvc.ModelBinding.Binders.FormFileModelBinderProvider, Microsoft.AspNetCore.Mvc.ModelBinding.Binders.FormCollectionModelBinderProvider, Microsoft.AspNetCore.Mvc.ModelBinding.Binders.KeyValuePairModelBinderProvider, Microsoft.AspNetCore.Mvc.ModelBinding.Binders.DictionaryModelBinderProvider, Microsoft.AspNetCore.Mvc.ModelBinding.Binders.ArrayModelBinderProvider, Microsoft.AspNetCore.Mvc.ModelBinding.Binders.CollectionModelBinderProvider, Microsoft.AspNetCore.Mvc.ModelBinding.Binders.ComplexTypeModelBinderProvider 
2019-06-21 22:15:37.0034|DEBUG| Failed to locate the development https certificate at '(null)'. 
2019-06-21 22:15:37.0879|DEBUG| Using development certificate: CN=localhost (Thumbprint: 4B845F03251A4DEAA09BCDC8D71B07E89C2A21D6) 
2019-06-21 22:15:37.1079|DEBUG| No listening endpoints were configured. Binding to http://localhost:5000 and https://localhost:5001 by default. 
2019-06-21 22:15:37.1339|DEBUG| Hosting started 
2019-06-21 22:15:37.1491|DEBUG| Loaded hosting startup assembly Chop9ja.API 
2019-06-21 22:15:45.8850|DEBUG| Connection id "0HLNMHMG3S156" started. 
2019-06-21 22:15:46.0317|DEBUG| Connection id "0HLNMHMG3S156" received FIN. 
2019-06-21 22:15:46.2475|DEBUG| Connection id "0HLNMHMG3S156" sending FIN because: "The client closed the connection." 
2019-06-21 22:15:46.2490|DEBUG| Connection id "0HLNMHMG3S157" started. 
2019-06-21 22:15:46.2875|DEBUG| Connection id "0HLNMHMG3S156" disconnecting. 
2019-06-21 22:15:46.3746|INFO| Request starting HTTP/1.1 POST http://localhost:5000/api/auth/register application/json 278 
2019-06-21 22:15:46.6113|DEBUG| Connection id "0HLNMHMG3S156" stopped. 
2019-06-21 22:15:46.8673|DEBUG| Wildcard detected, all requests with hosts will be allowed. 
2019-06-21 22:15:46.8973|TRACE| All hosts are allowed. 
2019-06-21 22:15:46.8973|DEBUG| The request is insecure. Skipping HSTS header. 
2019-06-21 22:15:46.9654|DEBUG| AuthenticationScheme: Bearer was not authenticated. 
2019-06-21 22:15:47.0151|DEBUG| POST requests are not supported 
2019-06-21 22:15:47.0151|DEBUG| POST requests are not supported 
2019-06-21 22:15:47.1025|DEBUG| 1 candidate(s) found for the request path '/api/auth/register' 
2019-06-21 22:15:47.1399|DEBUG| Endpoint 'Chop9ja.API.Controllers.AuthController.Register (Chop9ja.API)' with route pattern 'api/Auth/register' is valid for the request path '/api/auth/register' 
2019-06-21 22:15:47.1399|DEBUG| Request matched endpoint 'Chop9ja.API.Controllers.AuthController.Register (Chop9ja.API)' 
2019-06-21 22:15:47.1711|INFO| Executing endpoint 'Chop9ja.API.Controllers.AuthController.Register (Chop9ja.API)' 
2019-06-21 22:15:47.2363|INFO| Route matched with {action = "Register", controller = "Auth"}. Executing controller action with signature System.Threading.Tasks.Task`1[Microsoft.AspNetCore.Mvc.IActionResult] Register(Chop9ja.API.Models.ViewModels.UserRegistrationViewModel) on controller Chop9ja.API.Controllers.AuthController (Chop9ja.API). 
2019-06-21 22:15:47.2499|DEBUG| Execution plan of authorization filters (in the following order): None 
2019-06-21 22:15:47.2499|DEBUG| Execution plan of resource filters (in the following order): Microsoft.AspNetCore.Mvc.ViewFeatures.Internal.SaveTempDataFilter 
2019-06-21 22:15:47.2727|DEBUG| Execution plan of action filters (in the following order): Microsoft.AspNetCore.Mvc.ModelBinding.UnsupportedContentTypeFilter (Order: -3000), Microsoft.AspNetCore.Mvc.Infrastructure.ModelStateInvalidFilter (Order: -2000) 
2019-06-21 22:15:47.2898|DEBUG| Execution plan of exception filters (in the following order): None 
2019-06-21 22:15:47.3054|DEBUG| Execution plan of result filters (in the following order): Microsoft.AspNetCore.Mvc.ViewFeatures.Internal.SaveTempDataFilter, Microsoft.AspNetCore.Mvc.Infrastructure.ClientErrorResultFilter (Order: -2000) 
2019-06-21 22:15:47.3173|TRACE| Resource Filter: Before executing OnResourceExecuting on filter Microsoft.AspNetCore.Mvc.ViewFeatures.Internal.SaveTempDataFilter. 
2019-06-21 22:15:47.3173|TRACE| Resource Filter: After executing OnResourceExecuting on filter Microsoft.AspNetCore.Mvc.ViewFeatures.Internal.SaveTempDataFilter. 
2019-06-21 22:15:50.1425|DEBUG| Attempting to bind parameter 'model' of type 'Chop9ja.API.Models.ViewModels.UserRegistrationViewModel' ... 
2019-06-21 22:15:50.1709|DEBUG| Attempting to bind parameter 'model' of type 'Chop9ja.API.Models.ViewModels.UserRegistrationViewModel' using the name '' in request data ... 
2019-06-21 22:15:50.2155|DEBUG| Rejected input formatter 'Microsoft.AspNetCore.Mvc.Formatters.JsonPatchInputFormatter' for content type 'application/json'. 
2019-06-21 22:15:50.2358|DEBUG| Selected input formatter 'Microsoft.AspNetCore.Mvc.Formatters.JsonInputFormatter' for content type 'application/json'. 
2019-06-21 22:15:50.2836|DEBUG| Connection id "0HLNMHMG3S157", Request id "0HLNMHMG3S157:00000001": started reading request body. 
2019-06-21 22:15:50.3239|DEBUG| Connection id "0HLNMHMG3S157", Request id "0HLNMHMG3S157:00000001": done reading request body. 
2019-06-21 22:15:50.3915|DEBUG| Done attempting to bind parameter 'model' of type 'Chop9ja.API.Models.ViewModels.UserRegistrationViewModel'. 
2019-06-21 22:15:50.3915|DEBUG| Done attempting to bind parameter 'model' of type 'Chop9ja.API.Models.ViewModels.UserRegistrationViewModel'. 
2019-06-21 22:15:50.4131|DEBUG| Attempting to validate the bound parameter 'model' of type 'Chop9ja.API.Models.ViewModels.UserRegistrationViewModel' ... 
2019-06-21 22:15:50.4458|DEBUG| Done attempting to validate the bound parameter 'model' of type 'Chop9ja.API.Models.ViewModels.UserRegistrationViewModel'. 
2019-06-21 22:15:50.4599|TRACE| Action Filter: Before executing OnActionExecuting on filter Microsoft.AspNetCore.Mvc.ModelBinding.UnsupportedContentTypeFilter. 
2019-06-21 22:15:50.4599|TRACE| Action Filter: After executing OnActionExecuting on filter Microsoft.AspNetCore.Mvc.ModelBinding.UnsupportedContentTypeFilter. 
2019-06-21 22:15:50.4599|TRACE| Action Filter: Before executing OnActionExecuting on filter Microsoft.AspNetCore.Mvc.Infrastructure.ModelStateInvalidFilter. 
2019-06-21 22:15:50.4599|TRACE| Action Filter: After executing OnActionExecuting on filter Microsoft.AspNetCore.Mvc.Infrastructure.ModelStateInvalidFilter. 
2019-06-21 22:15:50.4768|INFO| Executing action method Chop9ja.API.Controllers.AuthController.Register (Chop9ja.API) - Validation state: Valid 
2019-06-21 22:15:50.4853|TRACE| Executing action method Chop9ja.API.Controllers.AuthController.Register (Chop9ja.API) with arguments (Chop9ja.API.Models.ViewModels.UserRegistrationViewModel) 
2019-06-21 22:15:58.8690|INFO| Executed action method Chop9ja.API.Controllers.AuthController.Register (Chop9ja.API), returned result Microsoft.AspNetCore.Mvc.OkObjectResult in 8379.1905ms. 
2019-06-21 22:15:58.8874|TRACE| Action Filter: Before executing OnActionExecuted on filter Microsoft.AspNetCore.Mvc.Infrastructure.ModelStateInvalidFilter. 
2019-06-21 22:15:58.8874|TRACE| Action Filter: After executing OnActionExecuted on filter Microsoft.AspNetCore.Mvc.Infrastructure.ModelStateInvalidFilter. 
2019-06-21 22:15:58.9029|TRACE| Action Filter: Before executing OnActionExecuted on filter Microsoft.AspNetCore.Mvc.ModelBinding.UnsupportedContentTypeFilter. 
2019-06-21 22:15:58.9065|TRACE| Action Filter: After executing OnActionExecuted on filter Microsoft.AspNetCore.Mvc.ModelBinding.UnsupportedContentTypeFilter. 
2019-06-21 22:15:58.9065|TRACE| Result Filter: Before executing OnResultExecuting on filter Microsoft.AspNetCore.Mvc.ViewFeatures.Internal.SaveTempDataFilter. 
2019-06-21 22:15:58.9065|TRACE| Result Filter: After executing OnResultExecuting on filter Microsoft.AspNetCore.Mvc.ViewFeatures.Internal.SaveTempDataFilter. 
2019-06-21 22:15:58.9427|TRACE| Result Filter: Before executing OnResultExecuting on filter Microsoft.AspNetCore.Mvc.Infrastructure.ClientErrorResultFilter. 
2019-06-21 22:15:58.9427|TRACE| Result Filter: After executing OnResultExecuting on filter Microsoft.AspNetCore.Mvc.Infrastructure.ClientErrorResultFilter. 
2019-06-21 22:15:58.9427|TRACE| Before executing action result Microsoft.AspNetCore.Mvc.OkObjectResult. 
2019-06-21 22:15:58.9542|DEBUG| List of registered output formatters, in the following order: Microsoft.AspNetCore.Mvc.Formatters.HttpNoContentOutputFormatter, Microsoft.AspNetCore.Mvc.Formatters.StringOutputFormatter, Microsoft.AspNetCore.Mvc.Formatters.StreamOutputFormatter, Microsoft.AspNetCore.Mvc.Formatters.JsonOutputFormatter 
2019-06-21 22:15:58.9957|DEBUG| No information found on request to perform content negotiation. 
2019-06-21 22:15:59.0366|DEBUG| Attempting to select an output formatter without using a content type as no explicit content types were specified for the response. 
2019-06-21 22:15:59.0583|DEBUG| Attempting to select the first formatter in the output formatters list which can write the result. 
2019-06-21 22:15:59.0967|DEBUG| Selected output formatter 'Microsoft.AspNetCore.Mvc.Formatters.JsonOutputFormatter' and content type 'application/json' to write the response. 
2019-06-21 22:15:59.1267|INFO| Executing ObjectResult, writing value of type 'Chop9ja.API.Models.ViewModels.AccessTokenModel'. 
2019-06-21 22:15:59.1816|TRACE| After executing action result Microsoft.AspNetCore.Mvc.OkObjectResult. 
2019-06-21 22:15:59.1816|TRACE| Result Filter: Before executing OnResultExecuted on filter Microsoft.AspNetCore.Mvc.Infrastructure.ClientErrorResultFilter. 
2019-06-21 22:15:59.1891|TRACE| Result Filter: After executing OnResultExecuted on filter Microsoft.AspNetCore.Mvc.Infrastructure.ClientErrorResultFilter. 
2019-06-21 22:15:59.1891|TRACE| Result Filter: Before executing OnResultExecuted on filter Microsoft.AspNetCore.Mvc.ViewFeatures.Internal.SaveTempDataFilter. 
2019-06-21 22:15:59.1891|TRACE| Result Filter: After executing OnResultExecuted on filter Microsoft.AspNetCore.Mvc.ViewFeatures.Internal.SaveTempDataFilter. 
2019-06-21 22:15:59.1891|TRACE| Resource Filter: Before executing OnResourceExecuted on filter Microsoft.AspNetCore.Mvc.ViewFeatures.Internal.SaveTempDataFilter. 
2019-06-21 22:15:59.1891|TRACE| Resource Filter: After executing OnResourceExecuted on filter Microsoft.AspNetCore.Mvc.ViewFeatures.Internal.SaveTempDataFilter. 
2019-06-21 22:15:59.2052|INFO| Executed action Chop9ja.API.Controllers.AuthController.Register (Chop9ja.API) in 11889.1192ms 
2019-06-21 22:15:59.2212|INFO| Executed endpoint 'Chop9ja.API.Controllers.AuthController.Register (Chop9ja.API)' 
2019-06-21 22:15:59.2548|DEBUG| Connection id "0HLNMHMG3S157" completed keep alive response. 
2019-06-21 22:15:59.3068|INFO| Request finished in 12933.332ms 200 application/json; charset=utf-8 
2019-06-21 22:17:39.1774|DEBUG| Hosting shutdown 
2019-06-21 22:17:39.2332|DEBUG| Connection id "0HLNMHMG3S157" disconnecting. 
2019-06-21 22:17:39.3209|DEBUG| Connection id "0HLNMHMG3S157" sending FIN because: "The Socket transport's send loop completed gracefully." 
2019-06-21 22:17:39.3859|DEBUG| Connection id "0HLNMHMG3S157" stopped. 
