2019-07-11 03:53:14.8490|ERROR| Attempted to withdraw a higher value (8b18a1d4-66ea-4a5a-9b98-fd2a38eff955) than the current wallet (10000) balance. 
2019-07-11 03:53:15.1594|ERROR| An attempt to make an invalid transaction was made. Transaction (f6695c3b-64a4-4d4c-9ee6-5a7c4c4607ef) is now orphaned. 
2019-07-11 03:53:15.7021|ERROR| An unhandled exception has occurred while executing the request. System.InvalidOperationException: Attempted to make an invalid transaction. Transaction Id is f6695c3b-64a4-4d4c-9ee6-5a7c4c4607ef
   at Chop9ja.API.Models.Entities.Wallet.AddTransactionAsync(Transaction transaction) in C:\Users\princ\source\repos\Chop9ja\Chop9ja.API\Models\Entities\Wallet.cs:line 92
   at Chop9ja.API.Services.PaymentService.CreateTransaction(Wallet wallet, Decimal amount, TransactionType type, ChannelType channelType) in C:\Users\princ\source\repos\Chop9ja\Chop9ja.API\Services\PaymentService.cs:line 233
   at Chop9ja.API.Controllers.BetController.InsureBet(BetViewModel model) in C:\Users\princ\source\repos\Chop9ja\Chop9ja.API\Controllers\BetController.cs:line 128
   at Microsoft.AspNetCore.Mvc.Internal.ActionMethodExecutor.TaskOfIActionResultExecutor.Execute(IActionResultTypeMapper mapper, ObjectMethodExecutor executor, Object controller, Object[] arguments)
   at System.Threading.Tasks.ValueTask`1.get_Result()
   at Microsoft.AspNetCore.Mvc.Internal.ControllerActionInvoker.InvokeActionMethodAsync()
   at Microsoft.AspNetCore.Mvc.Internal.ControllerActionInvoker.InvokeNextActionFilterAsync()
   at Microsoft.AspNetCore.Mvc.Internal.ControllerActionInvoker.Rethrow(ActionExecutedContext context)
   at Microsoft.AspNetCore.Mvc.Internal.ControllerActionInvoker.Next(State& next, Scope& scope, Object& state, Boolean& isCompleted)
   at Microsoft.AspNetCore.Mvc.Internal.ControllerActionInvoker.InvokeInnerFilterAsync()
   at Microsoft.AspNetCore.Mvc.Internal.ResourceInvoker.InvokeNextResourceFilter()
   at Microsoft.AspNetCore.Mvc.Internal.ResourceInvoker.Rethrow(ResourceExecutedContext context)
   at Microsoft.AspNetCore.Mvc.Internal.ResourceInvoker.Next(State& next, Scope& scope, Object& state, Boolean& isCompleted)
   at Microsoft.AspNetCore.Mvc.Internal.ResourceInvoker.InvokeFilterPipelineAsync()
   at Microsoft.AspNetCore.Mvc.Internal.ResourceInvoker.InvokeAsync()
   at Microsoft.AspNetCore.Routing.EndpointMiddleware.Invoke(HttpContext httpContext)
   at Microsoft.AspNetCore.Routing.EndpointRoutingMiddleware.Invoke(HttpContext httpContext)
   at Microsoft.AspNetCore.Diagnostics.ExceptionHandlerMiddleware.Invoke(HttpContext context)
2019-07-11 03:53:19.1989|ERROR| Something went wrong: System.InvalidOperationException: Attempted to make an invalid transaction. Transaction Id is f6695c3b-64a4-4d4c-9ee6-5a7c4c4607ef
   at Chop9ja.API.Models.Entities.Wallet.AddTransactionAsync(Transaction transaction) in C:\Users\princ\source\repos\Chop9ja\Chop9ja.API\Models\Entities\Wallet.cs:line 92
   at Chop9ja.API.Services.PaymentService.CreateTransaction(Wallet wallet, Decimal amount, TransactionType type, ChannelType channelType) in C:\Users\princ\source\repos\Chop9ja\Chop9ja.API\Services\PaymentService.cs:line 233
   at Chop9ja.API.Controllers.BetController.InsureBet(BetViewModel model) in C:\Users\princ\source\repos\Chop9ja\Chop9ja.API\Controllers\BetController.cs:line 128
   at Microsoft.AspNetCore.Mvc.Internal.ActionMethodExecutor.TaskOfIActionResultExecutor.Execute(IActionResultTypeMapper mapper, ObjectMethodExecutor executor, Object controller, Object[] arguments)
   at System.Threading.Tasks.ValueTask`1.get_Result()
   at Microsoft.AspNetCore.Mvc.Internal.ControllerActionInvoker.InvokeActionMethodAsync()
   at Microsoft.AspNetCore.Mvc.Internal.ControllerActionInvoker.InvokeNextActionFilterAsync()
   at Microsoft.AspNetCore.Mvc.Internal.ControllerActionInvoker.Rethrow(ActionExecutedContext context)
   at Microsoft.AspNetCore.Mvc.Internal.ControllerActionInvoker.Next(State& next, Scope& scope, Object& state, Boolean& isCompleted)
   at Microsoft.AspNetCore.Mvc.Internal.ControllerActionInvoker.InvokeInnerFilterAsync()
   at Microsoft.AspNetCore.Mvc.Internal.ResourceInvoker.InvokeNextResourceFilter()
   at Microsoft.AspNetCore.Mvc.Internal.ResourceInvoker.Rethrow(ResourceExecutedContext context)
   at Microsoft.AspNetCore.Mvc.Internal.ResourceInvoker.Next(State& next, Scope& scope, Object& state, Boolean& isCompleted)
   at Microsoft.AspNetCore.Mvc.Internal.ResourceInvoker.InvokeFilterPipelineAsync()
   at Microsoft.AspNetCore.Mvc.Internal.ResourceInvoker.InvokeAsync()
   at Microsoft.AspNetCore.Routing.EndpointMiddleware.Invoke(HttpContext httpContext)
   at Microsoft.AspNetCore.Routing.EndpointRoutingMiddleware.Invoke(HttpContext httpContext)
   at Microsoft.AspNetCore.Diagnostics.ExceptionHandlerMiddleware.Invoke(HttpContext context) 
2019-07-11 03:54:06.7523|ERROR| Attempted to withdraw a higher value (8b18a1d4-66ea-4a5a-9b98-fd2a38eff955) than the current wallet (10000) balance. 
2019-07-11 03:54:06.7523|ERROR| An attempt to make an invalid transaction was made. Transaction (1772e6e1-e30e-4db3-ac0f-71a69286dc08) is now orphaned. 
2019-07-11 03:54:06.7664|ERROR| An unhandled exception has occurred while executing the request. System.InvalidOperationException: Attempted to make an invalid transaction. Transaction Id is 1772e6e1-e30e-4db3-ac0f-71a69286dc08
   at Chop9ja.API.Models.Entities.Wallet.AddTransactionAsync(Transaction transaction) in C:\Users\princ\source\repos\Chop9ja\Chop9ja.API\Models\Entities\Wallet.cs:line 92
   at Chop9ja.API.Services.PaymentService.CreateTransaction(Wallet wallet, Decimal amount, TransactionType type, ChannelType channelType) in C:\Users\princ\source\repos\Chop9ja\Chop9ja.API\Services\PaymentService.cs:line 233
   at Chop9ja.API.Controllers.BetController.InsureBet(BetViewModel model) in C:\Users\princ\source\repos\Chop9ja\Chop9ja.API\Controllers\BetController.cs:line 128
   at Microsoft.AspNetCore.Mvc.Internal.ActionMethodExecutor.TaskOfIActionResultExecutor.Execute(IActionResultTypeMapper mapper, ObjectMethodExecutor executor, Object controller, Object[] arguments)
   at System.Threading.Tasks.ValueTask`1.get_Result()
   at Microsoft.AspNetCore.Mvc.Internal.ControllerActionInvoker.InvokeActionMethodAsync()
   at Microsoft.AspNetCore.Mvc.Internal.ControllerActionInvoker.InvokeNextActionFilterAsync()
   at Microsoft.AspNetCore.Mvc.Internal.ControllerActionInvoker.Rethrow(ActionExecutedContext context)
   at Microsoft.AspNetCore.Mvc.Internal.ControllerActionInvoker.Next(State& next, Scope& scope, Object& state, Boolean& isCompleted)
   at Microsoft.AspNetCore.Mvc.Internal.ControllerActionInvoker.InvokeInnerFilterAsync()
   at Microsoft.AspNetCore.Mvc.Internal.ResourceInvoker.InvokeNextResourceFilter()
   at Microsoft.AspNetCore.Mvc.Internal.ResourceInvoker.Rethrow(ResourceExecutedContext context)
   at Microsoft.AspNetCore.Mvc.Internal.ResourceInvoker.Next(State& next, Scope& scope, Object& state, Boolean& isCompleted)
   at Microsoft.AspNetCore.Mvc.Internal.ResourceInvoker.InvokeFilterPipelineAsync()
   at Microsoft.AspNetCore.Mvc.Internal.ResourceInvoker.InvokeAsync()
   at Microsoft.AspNetCore.Routing.EndpointMiddleware.Invoke(HttpContext httpContext)
   at Microsoft.AspNetCore.Routing.EndpointRoutingMiddleware.Invoke(HttpContext httpContext)
   at Microsoft.AspNetCore.Diagnostics.ExceptionHandlerMiddleware.Invoke(HttpContext context)
2019-07-11 03:54:06.7842|ERROR| Something went wrong: System.InvalidOperationException: Attempted to make an invalid transaction. Transaction Id is 1772e6e1-e30e-4db3-ac0f-71a69286dc08
   at Chop9ja.API.Models.Entities.Wallet.AddTransactionAsync(Transaction transaction) in C:\Users\princ\source\repos\Chop9ja\Chop9ja.API\Models\Entities\Wallet.cs:line 92
   at Chop9ja.API.Services.PaymentService.CreateTransaction(Wallet wallet, Decimal amount, TransactionType type, ChannelType channelType) in C:\Users\princ\source\repos\Chop9ja\Chop9ja.API\Services\PaymentService.cs:line 233
   at Chop9ja.API.Controllers.BetController.InsureBet(BetViewModel model) in C:\Users\princ\source\repos\Chop9ja\Chop9ja.API\Controllers\BetController.cs:line 128
   at Microsoft.AspNetCore.Mvc.Internal.ActionMethodExecutor.TaskOfIActionResultExecutor.Execute(IActionResultTypeMapper mapper, ObjectMethodExecutor executor, Object controller, Object[] arguments)
   at System.Threading.Tasks.ValueTask`1.get_Result()
   at Microsoft.AspNetCore.Mvc.Internal.ControllerActionInvoker.InvokeActionMethodAsync()
   at Microsoft.AspNetCore.Mvc.Internal.ControllerActionInvoker.InvokeNextActionFilterAsync()
   at Microsoft.AspNetCore.Mvc.Internal.ControllerActionInvoker.Rethrow(ActionExecutedContext context)
   at Microsoft.AspNetCore.Mvc.Internal.ControllerActionInvoker.Next(State& next, Scope& scope, Object& state, Boolean& isCompleted)
   at Microsoft.AspNetCore.Mvc.Internal.ControllerActionInvoker.InvokeInnerFilterAsync()
   at Microsoft.AspNetCore.Mvc.Internal.ResourceInvoker.InvokeNextResourceFilter()
   at Microsoft.AspNetCore.Mvc.Internal.ResourceInvoker.Rethrow(ResourceExecutedContext context)
   at Microsoft.AspNetCore.Mvc.Internal.ResourceInvoker.Next(State& next, Scope& scope, Object& state, Boolean& isCompleted)
   at Microsoft.AspNetCore.Mvc.Internal.ResourceInvoker.InvokeFilterPipelineAsync()
   at Microsoft.AspNetCore.Mvc.Internal.ResourceInvoker.InvokeAsync()
   at Microsoft.AspNetCore.Routing.EndpointMiddleware.Invoke(HttpContext httpContext)
   at Microsoft.AspNetCore.Routing.EndpointRoutingMiddleware.Invoke(HttpContext httpContext)
   at Microsoft.AspNetCore.Diagnostics.ExceptionHandlerMiddleware.Invoke(HttpContext context) 
2019-07-11 07:30:18.6673|ERROR| Attempted to withdraw a higher value (ef3332fa-d3a3-4341-9c2e-79a78d11913f) than the current wallet (10000) balance. 
2019-07-11 07:30:18.7091|ERROR| An attempt to make an invalid transaction was made. Transaction (2b310fdc-23f5-4020-ab4b-31ceace39b28) is now orphaned. 
2019-07-11 07:30:18.7979|ERROR| An unhandled exception has occurred while executing the request. System.InvalidOperationException: Attempted to make an invalid transaction. Transaction Id is 2b310fdc-23f5-4020-ab4b-31ceace39b28
   at Chop9ja.API.Models.Entities.Wallet.AddTransactionAsync(Transaction transaction) in C:\Users\princ\source\repos\Chop9ja\Chop9ja.API\Models\Entities\Wallet.cs:line 92
   at Chop9ja.API.Services.PaymentService.CreateTransaction(Wallet wallet, Decimal amount, TransactionType type, ChannelType channelType) in C:\Users\princ\source\repos\Chop9ja\Chop9ja.API\Services\PaymentService.cs:line 233
   at Chop9ja.API.Controllers.BetController.InsureBet(BetViewModel model) in C:\Users\princ\source\repos\Chop9ja\Chop9ja.API\Controllers\BetController.cs:line 128
   at Microsoft.AspNetCore.Mvc.Internal.ActionMethodExecutor.TaskOfIActionResultExecutor.Execute(IActionResultTypeMapper mapper, ObjectMethodExecutor executor, Object controller, Object[] arguments)
   at System.Threading.Tasks.ValueTask`1.get_Result()
   at Microsoft.AspNetCore.Mvc.Internal.ControllerActionInvoker.InvokeActionMethodAsync()
   at Microsoft.AspNetCore.Mvc.Internal.ControllerActionInvoker.InvokeNextActionFilterAsync()
   at Microsoft.AspNetCore.Mvc.Internal.ControllerActionInvoker.Rethrow(ActionExecutedContext context)
   at Microsoft.AspNetCore.Mvc.Internal.ControllerActionInvoker.Next(State& next, Scope& scope, Object& state, Boolean& isCompleted)
   at Microsoft.AspNetCore.Mvc.Internal.ControllerActionInvoker.InvokeInnerFilterAsync()
   at Microsoft.AspNetCore.Mvc.Internal.ResourceInvoker.InvokeNextResourceFilter()
   at Microsoft.AspNetCore.Mvc.Internal.ResourceInvoker.Rethrow(ResourceExecutedContext context)
   at Microsoft.AspNetCore.Mvc.Internal.ResourceInvoker.Next(State& next, Scope& scope, Object& state, Boolean& isCompleted)
   at Microsoft.AspNetCore.Mvc.Internal.ResourceInvoker.InvokeFilterPipelineAsync()
   at Microsoft.AspNetCore.Mvc.Internal.ResourceInvoker.InvokeAsync()
   at Microsoft.AspNetCore.Routing.EndpointMiddleware.Invoke(HttpContext httpContext)
   at Microsoft.AspNetCore.Routing.EndpointRoutingMiddleware.Invoke(HttpContext httpContext)
   at Microsoft.AspNetCore.Diagnostics.ExceptionHandlerMiddleware.Invoke(HttpContext context)
2019-07-11 07:30:19.4495|ERROR| Something went wrong: System.InvalidOperationException: Attempted to make an invalid transaction. Transaction Id is 2b310fdc-23f5-4020-ab4b-31ceace39b28
   at Chop9ja.API.Models.Entities.Wallet.AddTransactionAsync(Transaction transaction) in C:\Users\princ\source\repos\Chop9ja\Chop9ja.API\Models\Entities\Wallet.cs:line 92
   at Chop9ja.API.Services.PaymentService.CreateTransaction(Wallet wallet, Decimal amount, TransactionType type, ChannelType channelType) in C:\Users\princ\source\repos\Chop9ja\Chop9ja.API\Services\PaymentService.cs:line 233
   at Chop9ja.API.Controllers.BetController.InsureBet(BetViewModel model) in C:\Users\princ\source\repos\Chop9ja\Chop9ja.API\Controllers\BetController.cs:line 128
   at Microsoft.AspNetCore.Mvc.Internal.ActionMethodExecutor.TaskOfIActionResultExecutor.Execute(IActionResultTypeMapper mapper, ObjectMethodExecutor executor, Object controller, Object[] arguments)
   at System.Threading.Tasks.ValueTask`1.get_Result()
   at Microsoft.AspNetCore.Mvc.Internal.ControllerActionInvoker.InvokeActionMethodAsync()
   at Microsoft.AspNetCore.Mvc.Internal.ControllerActionInvoker.InvokeNextActionFilterAsync()
   at Microsoft.AspNetCore.Mvc.Internal.ControllerActionInvoker.Rethrow(ActionExecutedContext context)
   at Microsoft.AspNetCore.Mvc.Internal.ControllerActionInvoker.Next(State& next, Scope& scope, Object& state, Boolean& isCompleted)
   at Microsoft.AspNetCore.Mvc.Internal.ControllerActionInvoker.InvokeInnerFilterAsync()
   at Microsoft.AspNetCore.Mvc.Internal.ResourceInvoker.InvokeNextResourceFilter()
   at Microsoft.AspNetCore.Mvc.Internal.ResourceInvoker.Rethrow(ResourceExecutedContext context)
   at Microsoft.AspNetCore.Mvc.Internal.ResourceInvoker.Next(State& next, Scope& scope, Object& state, Boolean& isCompleted)
   at Microsoft.AspNetCore.Mvc.Internal.ResourceInvoker.InvokeFilterPipelineAsync()
   at Microsoft.AspNetCore.Mvc.Internal.ResourceInvoker.InvokeAsync()
   at Microsoft.AspNetCore.Routing.EndpointMiddleware.Invoke(HttpContext httpContext)
   at Microsoft.AspNetCore.Routing.EndpointRoutingMiddleware.Invoke(HttpContext httpContext)
   at Microsoft.AspNetCore.Diagnostics.ExceptionHandlerMiddleware.Invoke(HttpContext context) 
2019-07-22 13:44:30.7049|ERROR| An error occured while retriving an email template.
System.IO.DirectoryNotFoundException: Could not find a part of the path 'C:\Users\princ\source\repos\Chop9ja\Chop9ja.API\bin\Staging\netcoreapp2.2\publish\App\Data\Resources\Templates\verification.html'.
   at System.IO.FileStream.ValidateFileHandle(SafeFileHandle fileHandle)
   at System.IO.FileStream.CreateFileOpenHandle(FileMode mode, FileShare share, FileOptions options)
   at System.IO.FileStream..ctor(String path, FileMode mode, FileAccess access, FileShare share, Int32 bufferSize, FileOptions options)
   at System.IO.File.AsyncStreamReader(String path, Encoding encoding)
   at System.IO.File.InternalReadAllTextAsync(String path, Encoding encoding, CancellationToken cancellationToken)
   at Chop9ja.API.Services.Mail.GoogleMailService.GetTemplateAsync(String path) in C:\Users\princ\source\repos\Chop9ja\Chop9ja.API\Services\Mail\GmailService.cs:line 123 
2019-07-27 16:07:02.7275|ERROR| An unhandled exception has occurred while executing the request. System.InvalidOperationException: The SPA default page middleware could not return the default page '/index.html' because it was not found, and no other middleware handled the request.
Your application is running in Production mode, so make sure it has been published, or that you have built your SPA manually. Alternatively you may wish to switch to the Development environment.

   at Microsoft.AspNetCore.SpaServices.SpaDefaultPageMiddleware.<>c__DisplayClass0_0.<Attach>b__1(HttpContext context, Func`1 next)
   at Microsoft.AspNetCore.Builder.UseExtensions.<>c__DisplayClass0_1.<Use>b__1(HttpContext context)
   at Microsoft.AspNetCore.StaticFiles.StaticFileMiddleware.Invoke(HttpContext context)
   at Microsoft.AspNetCore.StaticFiles.StaticFileMiddleware.Invoke(HttpContext context)
   at Microsoft.AspNetCore.Routing.EndpointMiddleware.Invoke(HttpContext httpContext)
   at Microsoft.AspNetCore.Routing.EndpointRoutingMiddleware.Invoke(HttpContext httpContext)
   at Microsoft.AspNetCore.Diagnostics.ExceptionHandlerMiddleware.Invoke(HttpContext context)
2019-07-27 16:07:09.8579|ERROR| Something went wrong: System.InvalidOperationException: The SPA default page middleware could not return the default page '/index.html' because it was not found, and no other middleware handled the request.
Your application is running in Production mode, so make sure it has been published, or that you have built your SPA manually. Alternatively you may wish to switch to the Development environment.

   at Microsoft.AspNetCore.SpaServices.SpaDefaultPageMiddleware.<>c__DisplayClass0_0.<Attach>b__1(HttpContext context, Func`1 next)
   at Microsoft.AspNetCore.Builder.UseExtensions.<>c__DisplayClass0_1.<Use>b__1(HttpContext context)
   at Microsoft.AspNetCore.StaticFiles.StaticFileMiddleware.Invoke(HttpContext context)
   at Microsoft.AspNetCore.StaticFiles.StaticFileMiddleware.Invoke(HttpContext context)
   at Microsoft.AspNetCore.Routing.EndpointMiddleware.Invoke(HttpContext httpContext)
   at Microsoft.AspNetCore.Routing.EndpointRoutingMiddleware.Invoke(HttpContext httpContext)
   at Microsoft.AspNetCore.Diagnostics.ExceptionHandlerMiddleware.Invoke(HttpContext context) 
2019-07-27 16:24:55.2364|ERROR| An unhandled exception has occurred while executing the request. System.InvalidOperationException: The SPA default page middleware could not return the default page '/index.html' because it was not found, and no other middleware handled the request.
Your application is running in Production mode, so make sure it has been published, or that you have built your SPA manually. Alternatively you may wish to switch to the Development environment.

   at Microsoft.AspNetCore.SpaServices.SpaDefaultPageMiddleware.<>c__DisplayClass0_0.<Attach>b__1(HttpContext context, Func`1 next)
   at Microsoft.AspNetCore.Builder.UseExtensions.<>c__DisplayClass0_1.<Use>b__1(HttpContext context)
   at Microsoft.AspNetCore.StaticFiles.StaticFileMiddleware.Invoke(HttpContext context)
   at Microsoft.AspNetCore.StaticFiles.StaticFileMiddleware.Invoke(HttpContext context)
   at Microsoft.AspNetCore.Routing.EndpointMiddleware.Invoke(HttpContext httpContext)
   at Microsoft.AspNetCore.Routing.EndpointRoutingMiddleware.Invoke(HttpContext httpContext)
   at Microsoft.AspNetCore.Diagnostics.ExceptionHandlerMiddleware.Invoke(HttpContext context)
2019-07-27 16:24:55.2551|ERROR| Something went wrong: System.InvalidOperationException: The SPA default page middleware could not return the default page '/index.html' because it was not found, and no other middleware handled the request.
Your application is running in Production mode, so make sure it has been published, or that you have built your SPA manually. Alternatively you may wish to switch to the Development environment.

   at Microsoft.AspNetCore.SpaServices.SpaDefaultPageMiddleware.<>c__DisplayClass0_0.<Attach>b__1(HttpContext context, Func`1 next)
   at Microsoft.AspNetCore.Builder.UseExtensions.<>c__DisplayClass0_1.<Use>b__1(HttpContext context)
   at Microsoft.AspNetCore.StaticFiles.StaticFileMiddleware.Invoke(HttpContext context)
   at Microsoft.AspNetCore.StaticFiles.StaticFileMiddleware.Invoke(HttpContext context)
   at Microsoft.AspNetCore.Routing.EndpointMiddleware.Invoke(HttpContext httpContext)
   at Microsoft.AspNetCore.Routing.EndpointRoutingMiddleware.Invoke(HttpContext httpContext)
   at Microsoft.AspNetCore.Diagnostics.ExceptionHandlerMiddleware.Invoke(HttpContext context) 
2019-07-27 16:25:10.9383|ERROR| An unhandled exception has occurred while executing the request. System.InvalidOperationException: The SPA default page middleware could not return the default page '/index.html' because it was not found, and no other middleware handled the request.
Your application is running in Production mode, so make sure it has been published, or that you have built your SPA manually. Alternatively you may wish to switch to the Development environment.

   at Microsoft.AspNetCore.SpaServices.SpaDefaultPageMiddleware.<>c__DisplayClass0_0.<Attach>b__1(HttpContext context, Func`1 next)
   at Microsoft.AspNetCore.Builder.UseExtensions.<>c__DisplayClass0_1.<Use>b__1(HttpContext context)
   at Microsoft.AspNetCore.StaticFiles.StaticFileMiddleware.Invoke(HttpContext context)
   at Microsoft.AspNetCore.StaticFiles.StaticFileMiddleware.Invoke(HttpContext context)
   at Microsoft.AspNetCore.Routing.EndpointMiddleware.Invoke(HttpContext httpContext)
   at Microsoft.AspNetCore.Routing.EndpointRoutingMiddleware.Invoke(HttpContext httpContext)
   at Microsoft.AspNetCore.Diagnostics.ExceptionHandlerMiddleware.Invoke(HttpContext context)
2019-07-27 16:25:10.9763|ERROR| Something went wrong: System.InvalidOperationException: The SPA default page middleware could not return the default page '/index.html' because it was not found, and no other middleware handled the request.
Your application is running in Production mode, so make sure it has been published, or that you have built your SPA manually. Alternatively you may wish to switch to the Development environment.

   at Microsoft.AspNetCore.SpaServices.SpaDefaultPageMiddleware.<>c__DisplayClass0_0.<Attach>b__1(HttpContext context, Func`1 next)
   at Microsoft.AspNetCore.Builder.UseExtensions.<>c__DisplayClass0_1.<Use>b__1(HttpContext context)
   at Microsoft.AspNetCore.StaticFiles.StaticFileMiddleware.Invoke(HttpContext context)
   at Microsoft.AspNetCore.StaticFiles.StaticFileMiddleware.Invoke(HttpContext context)
   at Microsoft.AspNetCore.Routing.EndpointMiddleware.Invoke(HttpContext httpContext)
   at Microsoft.AspNetCore.Routing.EndpointRoutingMiddleware.Invoke(HttpContext httpContext)
   at Microsoft.AspNetCore.Diagnostics.ExceptionHandlerMiddleware.Invoke(HttpContext context) 
