2019-06-27 20:42:08.1503|INFO| 

 
2019-06-27 20:42:08.3304|INFO| *** Application Started ***
Welcome to the Chop9ja API
Built by Prince Owen
Under the supervision of Dev-Lynx Technologies
Copyright 2019.
All rights reserved.

 
2019-06-27 20:42:13.0811|DEBUG| Successfully registered the service provider 
2019-06-27 21:23:17.9116|INFO| 

 
2019-06-27 21:23:17.9952|INFO| *** Application Started ***
Welcome to the Chop9ja API
Built by Prince Owen
Under the supervision of Dev-Lynx Technologies
Copyright 2019.
All rights reserved.

 
2019-06-27 21:23:21.4849|DEBUG| Successfully registered the service provider 
2019-06-27 21:23:22.3784|INFO| User profile is available. Using 'C:\Users\princ\AppData\Local\ASP.NET\DataProtection-Keys' as key repository and Windows DPAPI to encrypt keys at rest. 
2019-06-27 21:24:13.4002|DEBUG| Chop9ja API has successfully been initialized. 
2019-06-27 21:24:13.4146|DEBUG| Hosting starting 
2019-06-27 21:24:13.4438|DEBUG| Reading data from file 'C:\Users\princ\AppData\Local\ASP.NET\DataProtection-Keys\key-18916efd-b695-4d36-b241-b546bb59b759.xml'. 
2019-06-27 21:24:13.4729|DEBUG| Reading data from file 'C:\Users\princ\AppData\Local\ASP.NET\DataProtection-Keys\key-26184869-4bd5-4412-8f9e-5a00a9bed5d6.xml'. 
2019-06-27 21:24:13.4943|DEBUG| Found key {18916efd-b695-4d36-b241-b546bb59b759}. 
2019-06-27 21:24:13.5028|DEBUG| Found key {26184869-4bd5-4412-8f9e-5a00a9bed5d6}. 
2019-06-27 21:24:13.5269|DEBUG| Considering key {18916efd-b695-4d36-b241-b546bb59b759} with expiration date 2019-07-05 14:21:07Z as default key. 
2019-06-27 21:24:13.5633|DEBUG| Forwarded activator type request from Microsoft.AspNetCore.DataProtection.XmlEncryption.DpapiXmlDecryptor, Microsoft.AspNetCore.DataProtection, Version=2.1.1.0, Culture=neutral, PublicKeyToken=adb9793829ddae60 to Microsoft.AspNetCore.DataProtection.XmlEncryption.DpapiXmlDecryptor, Microsoft.AspNetCore.DataProtection, Culture=neutral, PublicKeyToken=adb9793829ddae60 
2019-06-27 21:24:13.5633|DEBUG| Decrypting secret element using Windows DPAPI. 
2019-06-27 21:24:13.5785|DEBUG| Forwarded activator type request from Microsoft.AspNetCore.DataProtection.AuthenticatedEncryption.ConfigurationModel.AuthenticatedEncryptorDescriptorDeserializer, Microsoft.AspNetCore.DataProtection, Version=2.1.1.0, Culture=neutral, PublicKeyToken=adb9793829ddae60 to Microsoft.AspNetCore.DataProtection.AuthenticatedEncryption.ConfigurationModel.AuthenticatedEncryptorDescriptorDeserializer, Microsoft.AspNetCore.DataProtection, Culture=neutral, PublicKeyToken=adb9793829ddae60 
2019-06-27 21:24:13.5785|DEBUG| Opening CNG algorithm 'AES' from provider '(null)' with chaining mode CBC. 
2019-06-27 21:24:13.6023|DEBUG| Opening CNG algorithm 'SHA256' from provider '(null)' with HMAC. 
2019-06-27 21:24:13.6114|DEBUG| Using key {18916efd-b695-4d36-b241-b546bb59b759} as the default key. 
2019-06-27 21:24:13.6114|DEBUG| Key ring with default key {18916efd-b695-4d36-b241-b546bb59b759} was loaded during application startup. 
2019-06-27 21:24:13.7184|DEBUG| Compatibility switch AllowInputFormatterExceptionMessages in type MvcJsonOptions is using compatibility value True for version Version_2_2 
2019-06-27 21:24:13.7375|DEBUG| Compatibility switch AllowCombiningAuthorizeFilters in type MvcOptions is using compatibility value True for version Version_2_2 
2019-06-27 21:24:13.7375|DEBUG| Compatibility switch AllowBindingHeaderValuesToNonStringModelTypes in type MvcOptions is using compatibility value True for version Version_2_2 
2019-06-27 21:24:13.7375|DEBUG| Compatibility switch AllowValidatingTopLevelNodes in type MvcOptions is using compatibility value True for version Version_2_2 
2019-06-27 21:24:13.7375|DEBUG| Compatibility switch InputFormatterExceptionPolicy in type MvcOptions is using compatibility value MalformedInputExceptions for version Version_2_2 
2019-06-27 21:24:13.7375|DEBUG| Compatibility switch SuppressBindingUndefinedValueToEnumType in type MvcOptions is using compatibility value True for version Version_2_2 
2019-06-27 21:24:13.7375|DEBUG| Compatibility switch EnableEndpointRouting in type MvcOptions is using compatibility value True for version Version_2_2 
2019-06-27 21:24:13.7375|DEBUG| Compatibility switch MaxValidationDepth in type MvcOptions is using compatibility value 32 for version Version_2_2 
2019-06-27 21:24:13.7526|DEBUG| Compatibility switch AllowShortCircuitingValidationWhenNoValidatorsArePresent in type MvcOptions is using compatibility value True for version Version_2_2 
2019-06-27 21:24:13.7702|DEBUG| Compatibility switch SuppressMapClientErrors in type ApiBehaviorOptions is using default value False 
2019-06-27 21:24:13.7702|DEBUG| Compatibility switch SuppressUseValidationProblemDetailsForInvalidModelStateResponses in type ApiBehaviorOptions is using default value False 
2019-06-27 21:24:13.7702|DEBUG| Compatibility switch AllowInferringBindingSourceForCollectionTypesAsFromQuery in type ApiBehaviorOptions is using default value False 
2019-06-27 21:24:13.7901|DEBUG| Compatibility switch AllowAreas in type RazorPagesOptions is using compatibility value True for version Version_2_2 
2019-06-27 21:24:13.7901|DEBUG| Compatibility switch AllowMappingHeadRequestsToGetHandler in type RazorPagesOptions is using compatibility value True for version Version_2_2 
2019-06-27 21:24:13.7901|DEBUG| Compatibility switch AllowDefaultHandlingForOptionsRequests in type RazorPagesOptions is using compatibility value True for version Version_2_2 
2019-06-27 21:24:13.8049|DEBUG| Compatibility switch AllowRecompilingViewsOnFileChange in type RazorViewEngineOptions is using default value False 
2019-06-27 21:24:13.8442|DEBUG| Compatibility switch SuppressTempDataAttributePrefix in type MvcViewOptions is using compatibility value True for version Version_2_2 
2019-06-27 21:24:13.8442|DEBUG| Compatibility switch AllowRenderingMaxLengthAttribute in type MvcViewOptions is using compatibility value True for version Version_2_2 
2019-06-27 21:24:13.8768|DEBUG| Registered model binder providers, in the following order: Microsoft.AspNetCore.Mvc.ModelBinding.Binders.BinderTypeModelBinderProvider, Microsoft.AspNetCore.Mvc.ModelBinding.Binders.ServicesModelBinderProvider, Microsoft.AspNetCore.Mvc.ModelBinding.Binders.BodyModelBinderProvider, Microsoft.AspNetCore.Mvc.ModelBinding.Binders.HeaderModelBinderProvider, Microsoft.AspNetCore.Mvc.ModelBinding.Binders.FloatingPointTypeModelBinderProvider, Microsoft.AspNetCore.Mvc.ModelBinding.Binders.EnumTypeModelBinderProvider, Microsoft.AspNetCore.Mvc.ModelBinding.Binders.SimpleTypeModelBinderProvider, Microsoft.AspNetCore.Mvc.ModelBinding.Binders.CancellationTokenModelBinderProvider, Microsoft.AspNetCore.Mvc.ModelBinding.Binders.ByteArrayModelBinderProvider, Microsoft.AspNetCore.Mvc.ModelBinding.Binders.FormFileModelBinderProvider, Microsoft.AspNetCore.Mvc.ModelBinding.Binders.FormCollectionModelBinderProvider, Microsoft.AspNetCore.Mvc.ModelBinding.Binders.KeyValuePairModelBinderProvider, Microsoft.AspNetCore.Mvc.ModelBinding.Binders.DictionaryModelBinderProvider, Microsoft.AspNetCore.Mvc.ModelBinding.Binders.ArrayModelBinderProvider, Microsoft.AspNetCore.Mvc.ModelBinding.Binders.CollectionModelBinderProvider, Microsoft.AspNetCore.Mvc.ModelBinding.Binders.ComplexTypeModelBinderProvider 
2019-06-27 21:24:14.0799|DEBUG| Failed to locate the development https certificate at '(null)'. 
2019-06-27 21:24:14.1773|DEBUG| Using development certificate: CN=localhost (Thumbprint: 4B845F03251A4DEAA09BCDC8D71B07E89C2A21D6) 
2019-06-27 21:24:14.1773|DEBUG| No listening endpoints were configured. Binding to http://localhost:5000 and https://localhost:5001 by default. 
2019-06-27 21:24:14.1909|DEBUG| Hosting started 
2019-06-27 21:24:14.1909|DEBUG| Loaded hosting startup assembly Chop9ja.API 
2019-06-27 21:24:28.9671|DEBUG| Connection id "0HLNR7LQBLRMU" started. 
2019-06-27 21:24:29.3165|DEBUG| Connection id "0HLNR7LQBLRMU" received FIN. 
2019-06-27 21:24:29.4371|DEBUG| Connection id "0HLNR7LQBLRMV" started. 
2019-06-27 21:24:29.4371|DEBUG| Connection id "0HLNR7LQBLRMU" disconnecting. 
2019-06-27 21:24:29.6012|INFO| Request starting HTTP/1.1 POST http://localhost:5000/api/account/wallet/deposit application/json 52 
2019-06-27 21:24:29.6478|DEBUG| Connection id "0HLNR7LQBLRMU" sending FIN because: "The client closed the connection." 
2019-06-27 21:24:29.9577|DEBUG| Connection id "0HLNR7LQBLRMU" stopped. 
2019-06-27 21:24:29.9967|DEBUG| Wildcard detected, all requests with hosts will be allowed. 
2019-06-27 21:24:30.0284|TRACE| All hosts are allowed. 
2019-06-27 21:24:30.0284|DEBUG| The request is insecure. Skipping HSTS header. 
2019-06-27 21:24:30.2431|INFO| Successfully validated the token. 
2019-06-27 21:24:30.3065|DEBUG| AuthenticationScheme: Bearer was successfully authenticated. 
2019-06-27 21:24:30.4149|DEBUG| POST requests are not supported 
2019-06-27 21:24:30.4149|DEBUG| POST requests are not supported 
2019-06-27 21:24:30.6387|DEBUG| 1 candidate(s) found for the request path '/api/account/wallet/deposit' 
2019-06-27 21:24:30.7044|DEBUG| Endpoint 'Chop9ja.API.Controllers.WalletController.Deposit (Chop9ja.API)' with route pattern 'api/account/Wallet/deposit' is valid for the request path '/api/account/wallet/deposit' 
2019-06-27 21:24:30.7044|DEBUG| Request matched endpoint 'Chop9ja.API.Controllers.WalletController.Deposit (Chop9ja.API)' 
2019-06-27 21:24:30.7044|INFO| Executing endpoint 'Chop9ja.API.Controllers.WalletController.Deposit (Chop9ja.API)' 
2019-06-27 21:24:30.8188|INFO| Route matched with {action = "Deposit", controller = "Wallet"}. Executing controller action with signature System.Threading.Tasks.Task`1[Microsoft.AspNetCore.Mvc.IActionResult] Deposit(Chop9ja.API.Models.ViewModels.DepositViewModel) on controller Chop9ja.API.Controllers.WalletController (Chop9ja.API). 
2019-06-27 21:24:30.8308|DEBUG| Execution plan of authorization filters (in the following order): Microsoft.AspNetCore.Mvc.Authorization.AuthorizeFilter 
2019-06-27 21:24:30.8308|DEBUG| Execution plan of resource filters (in the following order): Microsoft.AspNetCore.Mvc.ViewFeatures.Internal.SaveTempDataFilter 
2019-06-27 21:24:30.8308|DEBUG| Execution plan of action filters (in the following order): Microsoft.AspNetCore.Mvc.ModelBinding.UnsupportedContentTypeFilter (Order: -3000), Microsoft.AspNetCore.Mvc.Infrastructure.ModelStateInvalidFilter (Order: -2000) 
2019-06-27 21:24:30.8433|DEBUG| Execution plan of exception filters (in the following order): None 
2019-06-27 21:24:30.8433|DEBUG| Execution plan of result filters (in the following order): Microsoft.AspNetCore.Mvc.ViewFeatures.Internal.SaveTempDataFilter, Microsoft.AspNetCore.Mvc.Infrastructure.ClientErrorResultFilter (Order: -2000) 
2019-06-27 21:24:30.8433|TRACE| Authorization Filter: Before executing OnAuthorizationAsync on filter Microsoft.AspNetCore.Mvc.Authorization.AuthorizeFilter. 
2019-06-27 21:24:30.8791|INFO| Authorization was successful. 
2019-06-27 21:24:30.8973|TRACE| Authorization Filter: After executing OnAuthorizationAsync on filter Microsoft.AspNetCore.Mvc.Authorization.AuthorizeFilter. 
2019-06-27 21:24:30.8973|TRACE| Resource Filter: Before executing OnResourceExecuting on filter Microsoft.AspNetCore.Mvc.ViewFeatures.Internal.SaveTempDataFilter. 
2019-06-27 21:24:30.9063|TRACE| Resource Filter: After executing OnResourceExecuting on filter Microsoft.AspNetCore.Mvc.ViewFeatures.Internal.SaveTempDataFilter. 
2019-06-27 21:24:34.7012|DEBUG| Attempting to bind parameter 'model' of type 'Chop9ja.API.Models.ViewModels.DepositViewModel' ... 
2019-06-27 21:24:34.7121|DEBUG| Attempting to bind parameter 'model' of type 'Chop9ja.API.Models.ViewModels.DepositViewModel' using the name '' in request data ... 
2019-06-27 21:24:34.7121|DEBUG| Rejected input formatter 'Microsoft.AspNetCore.Mvc.Formatters.JsonPatchInputFormatter' for content type 'application/json'. 
2019-06-27 21:24:34.7293|DEBUG| Selected input formatter 'Microsoft.AspNetCore.Mvc.Formatters.JsonInputFormatter' for content type 'application/json'. 
2019-06-27 21:24:34.7486|DEBUG| Connection id "0HLNR7LQBLRMV", Request id "0HLNR7LQBLRMV:00000001": started reading request body. 
2019-06-27 21:24:34.7860|DEBUG| Connection id "0HLNR7LQBLRMV", Request id "0HLNR7LQBLRMV:00000001": done reading request body. 
2019-06-27 21:24:34.7968|DEBUG| Done attempting to bind parameter 'model' of type 'Chop9ja.API.Models.ViewModels.DepositViewModel'. 
2019-06-27 21:24:34.7968|DEBUG| Done attempting to bind parameter 'model' of type 'Chop9ja.API.Models.ViewModels.DepositViewModel'. 
2019-06-27 21:24:34.8128|DEBUG| Attempting to validate the bound parameter 'model' of type 'Chop9ja.API.Models.ViewModels.DepositViewModel' ... 
2019-06-27 21:24:34.8316|DEBUG| Done attempting to validate the bound parameter 'model' of type 'Chop9ja.API.Models.ViewModels.DepositViewModel'. 
2019-06-27 21:24:34.8446|TRACE| Action Filter: Before executing OnActionExecuting on filter Microsoft.AspNetCore.Mvc.ModelBinding.UnsupportedContentTypeFilter. 
2019-06-27 21:24:34.8446|TRACE| Action Filter: After executing OnActionExecuting on filter Microsoft.AspNetCore.Mvc.ModelBinding.UnsupportedContentTypeFilter. 
2019-06-27 21:24:34.8446|TRACE| Action Filter: Before executing OnActionExecuting on filter Microsoft.AspNetCore.Mvc.Infrastructure.ModelStateInvalidFilter. 
2019-06-27 21:24:34.8600|TRACE| Action Filter: After executing OnActionExecuting on filter Microsoft.AspNetCore.Mvc.Infrastructure.ModelStateInvalidFilter. 
2019-06-27 21:24:34.8756|INFO| Executing action method Chop9ja.API.Controllers.WalletController.Deposit (Chop9ja.API) - Validation state: Valid 
2019-06-27 21:24:34.8756|TRACE| Executing action method Chop9ja.API.Controllers.WalletController.Deposit (Chop9ja.API) with arguments (Chop9ja.API.Models.ViewModels.DepositViewModel) 
2019-06-27 21:24:37.5939|INFO| Executed action method Chop9ja.API.Controllers.WalletController.Deposit (Chop9ja.API), returned result Microsoft.AspNetCore.Mvc.AcceptedResult in 2702.7084ms. 
2019-06-27 21:24:37.5939|TRACE| Action Filter: Before executing OnActionExecuted on filter Microsoft.AspNetCore.Mvc.Infrastructure.ModelStateInvalidFilter. 
2019-06-27 21:24:37.6095|TRACE| Action Filter: After executing OnActionExecuted on filter Microsoft.AspNetCore.Mvc.Infrastructure.ModelStateInvalidFilter. 
2019-06-27 21:24:37.6095|TRACE| Action Filter: Before executing OnActionExecuted on filter Microsoft.AspNetCore.Mvc.ModelBinding.UnsupportedContentTypeFilter. 
2019-06-27 21:24:37.6095|TRACE| Action Filter: After executing OnActionExecuted on filter Microsoft.AspNetCore.Mvc.ModelBinding.UnsupportedContentTypeFilter. 
2019-06-27 21:24:37.6348|TRACE| Result Filter: Before executing OnResultExecuting on filter Microsoft.AspNetCore.Mvc.ViewFeatures.Internal.SaveTempDataFilter. 
2019-06-27 21:24:37.6440|TRACE| Result Filter: After executing OnResultExecuting on filter Microsoft.AspNetCore.Mvc.ViewFeatures.Internal.SaveTempDataFilter. 
2019-06-27 21:24:37.6440|TRACE| Result Filter: Before executing OnResultExecuting on filter Microsoft.AspNetCore.Mvc.Infrastructure.ClientErrorResultFilter. 
2019-06-27 21:24:37.6595|TRACE| Result Filter: After executing OnResultExecuting on filter Microsoft.AspNetCore.Mvc.Infrastructure.ClientErrorResultFilter. 
2019-06-27 21:24:37.6595|TRACE| Before executing action result Microsoft.AspNetCore.Mvc.AcceptedResult. 
2019-06-27 21:24:37.6808|DEBUG| List of registered output formatters, in the following order: Microsoft.AspNetCore.Mvc.Formatters.HttpNoContentOutputFormatter, Microsoft.AspNetCore.Mvc.Formatters.StringOutputFormatter, Microsoft.AspNetCore.Mvc.Formatters.StreamOutputFormatter, Microsoft.AspNetCore.Mvc.Formatters.JsonOutputFormatter 
2019-06-27 21:24:37.6949|DEBUG| No information found on request to perform content negotiation. 
2019-06-27 21:24:37.6949|DEBUG| Attempting to select an output formatter without using a content type as no explicit content types were specified for the response. 
2019-06-27 21:24:37.6949|DEBUG| Attempting to select the first formatter in the output formatters list which can write the result. 
2019-06-27 21:24:37.7081|DEBUG| Selected output formatter 'Microsoft.AspNetCore.Mvc.Formatters.StringOutputFormatter' and content type 'text/plain' to write the response. 
2019-06-27 21:24:37.7081|INFO| Executing ObjectResult, writing value of type 'System.String'. 
2019-06-27 21:24:37.7081|TRACE| After executing action result Microsoft.AspNetCore.Mvc.AcceptedResult. 
2019-06-27 21:24:37.7274|TRACE| Result Filter: Before executing OnResultExecuted on filter Microsoft.AspNetCore.Mvc.Infrastructure.ClientErrorResultFilter. 
2019-06-27 21:24:37.7274|TRACE| Result Filter: After executing OnResultExecuted on filter Microsoft.AspNetCore.Mvc.Infrastructure.ClientErrorResultFilter. 
2019-06-27 21:24:37.7274|TRACE| Result Filter: Before executing OnResultExecuted on filter Microsoft.AspNetCore.Mvc.ViewFeatures.Internal.SaveTempDataFilter. 
2019-06-27 21:24:37.7412|TRACE| Result Filter: After executing OnResultExecuted on filter Microsoft.AspNetCore.Mvc.ViewFeatures.Internal.SaveTempDataFilter. 
2019-06-27 21:24:37.7412|TRACE| Resource Filter: Before executing OnResourceExecuted on filter Microsoft.AspNetCore.Mvc.ViewFeatures.Internal.SaveTempDataFilter. 
2019-06-27 21:24:37.7412|TRACE| Resource Filter: After executing OnResourceExecuted on filter Microsoft.AspNetCore.Mvc.ViewFeatures.Internal.SaveTempDataFilter. 
2019-06-27 21:24:37.7689|INFO| Executed action Chop9ja.API.Controllers.WalletController.Deposit (Chop9ja.API) in 6918.9562ms 
2019-06-27 21:24:37.7689|INFO| Executed endpoint 'Chop9ja.API.Controllers.WalletController.Deposit (Chop9ja.API)' 
2019-06-27 21:24:37.7911|DEBUG| Connection id "0HLNR7LQBLRMV" completed keep alive response. 
2019-06-27 21:24:37.7987|INFO| Request finished in 8225.561ms 202 text/plain; charset=utf-8 
2019-06-27 21:24:47.4394|INFO| Request starting HTTP/1.1 POST http://localhost:5000/api/account/wallet/deposit application/json 52 
2019-06-27 21:24:47.5123|TRACE| All hosts are allowed. 
2019-06-27 21:24:47.5123|DEBUG| The request is insecure. Skipping HSTS header. 
2019-06-27 21:24:47.5510|INFO| Successfully validated the token. 
2019-06-27 21:24:47.5510|DEBUG| AuthenticationScheme: Bearer was successfully authenticated. 
2019-06-27 21:24:47.5510|DEBUG| POST requests are not supported 
2019-06-27 21:24:47.5657|DEBUG| POST requests are not supported 
2019-06-27 21:24:47.5657|DEBUG| 1 candidate(s) found for the request path '/api/account/wallet/deposit' 
2019-06-27 21:24:47.5786|DEBUG| Endpoint 'Chop9ja.API.Controllers.WalletController.Deposit (Chop9ja.API)' with route pattern 'api/account/Wallet/deposit' is valid for the request path '/api/account/wallet/deposit' 
2019-06-27 21:24:47.5786|DEBUG| Request matched endpoint 'Chop9ja.API.Controllers.WalletController.Deposit (Chop9ja.API)' 
2019-06-27 21:24:47.5786|INFO| Executing endpoint 'Chop9ja.API.Controllers.WalletController.Deposit (Chop9ja.API)' 
2019-06-27 21:24:47.5786|INFO| Route matched with {action = "Deposit", controller = "Wallet"}. Executing controller action with signature System.Threading.Tasks.Task`1[Microsoft.AspNetCore.Mvc.IActionResult] Deposit(Chop9ja.API.Models.ViewModels.DepositViewModel) on controller Chop9ja.API.Controllers.WalletController (Chop9ja.API). 
2019-06-27 21:24:47.6065|DEBUG| Execution plan of authorization filters (in the following order): Microsoft.AspNetCore.Mvc.Authorization.AuthorizeFilter 
2019-06-27 21:24:47.6179|DEBUG| Execution plan of resource filters (in the following order): Microsoft.AspNetCore.Mvc.ViewFeatures.Internal.SaveTempDataFilter 
2019-06-27 21:24:47.6179|DEBUG| Execution plan of action filters (in the following order): Microsoft.AspNetCore.Mvc.ModelBinding.UnsupportedContentTypeFilter (Order: -3000), Microsoft.AspNetCore.Mvc.Infrastructure.ModelStateInvalidFilter (Order: -2000) 
2019-06-27 21:24:47.6179|DEBUG| Execution plan of exception filters (in the following order): None 
2019-06-27 21:24:47.6364|DEBUG| Execution plan of result filters (in the following order): Microsoft.AspNetCore.Mvc.ViewFeatures.Internal.SaveTempDataFilter, Microsoft.AspNetCore.Mvc.Infrastructure.ClientErrorResultFilter (Order: -2000) 
2019-06-27 21:24:47.6364|TRACE| Authorization Filter: Before executing OnAuthorizationAsync on filter Microsoft.AspNetCore.Mvc.Authorization.AuthorizeFilter. 
2019-06-27 21:24:47.6406|INFO| Authorization was successful. 
2019-06-27 21:24:47.6406|TRACE| Authorization Filter: After executing OnAuthorizationAsync on filter Microsoft.AspNetCore.Mvc.Authorization.AuthorizeFilter. 
2019-06-27 21:24:47.6406|TRACE| Resource Filter: Before executing OnResourceExecuting on filter Microsoft.AspNetCore.Mvc.ViewFeatures.Internal.SaveTempDataFilter. 
2019-06-27 21:24:47.6406|TRACE| Resource Filter: After executing OnResourceExecuting on filter Microsoft.AspNetCore.Mvc.ViewFeatures.Internal.SaveTempDataFilter. 
2019-06-27 21:24:49.7000|DEBUG| Attempting to bind parameter 'model' of type 'Chop9ja.API.Models.ViewModels.DepositViewModel' ... 
2019-06-27 21:24:49.7000|DEBUG| Attempting to bind parameter 'model' of type 'Chop9ja.API.Models.ViewModels.DepositViewModel' using the name '' in request data ... 
2019-06-27 21:24:49.7045|DEBUG| Rejected input formatter 'Microsoft.AspNetCore.Mvc.Formatters.JsonPatchInputFormatter' for content type 'application/json'. 
2019-06-27 21:24:49.7045|DEBUG| Selected input formatter 'Microsoft.AspNetCore.Mvc.Formatters.JsonInputFormatter' for content type 'application/json'. 
2019-06-27 21:24:49.7045|DEBUG| Connection id "0HLNR7LQBLRMV", Request id "0HLNR7LQBLRMV:00000002": started reading request body. 
2019-06-27 21:24:49.7045|DEBUG| Connection id "0HLNR7LQBLRMV", Request id "0HLNR7LQBLRMV:00000002": done reading request body. 
2019-06-27 21:24:49.7045|DEBUG| Done attempting to bind parameter 'model' of type 'Chop9ja.API.Models.ViewModels.DepositViewModel'. 
2019-06-27 21:24:49.7045|DEBUG| Done attempting to bind parameter 'model' of type 'Chop9ja.API.Models.ViewModels.DepositViewModel'. 
2019-06-27 21:24:49.7188|DEBUG| Attempting to validate the bound parameter 'model' of type 'Chop9ja.API.Models.ViewModels.DepositViewModel' ... 
2019-06-27 21:24:49.7188|DEBUG| Done attempting to validate the bound parameter 'model' of type 'Chop9ja.API.Models.ViewModels.DepositViewModel'. 
2019-06-27 21:24:49.7188|TRACE| Action Filter: Before executing OnActionExecuting on filter Microsoft.AspNetCore.Mvc.ModelBinding.UnsupportedContentTypeFilter. 
2019-06-27 21:24:49.7188|TRACE| Action Filter: After executing OnActionExecuting on filter Microsoft.AspNetCore.Mvc.ModelBinding.UnsupportedContentTypeFilter. 
2019-06-27 21:24:49.7188|TRACE| Action Filter: Before executing OnActionExecuting on filter Microsoft.AspNetCore.Mvc.Infrastructure.ModelStateInvalidFilter. 
2019-06-27 21:24:49.7188|TRACE| Action Filter: After executing OnActionExecuting on filter Microsoft.AspNetCore.Mvc.Infrastructure.ModelStateInvalidFilter. 
2019-06-27 21:24:49.7188|INFO| Executing action method Chop9ja.API.Controllers.WalletController.Deposit (Chop9ja.API) - Validation state: Valid 
2019-06-27 21:24:49.7188|TRACE| Executing action method Chop9ja.API.Controllers.WalletController.Deposit (Chop9ja.API) with arguments (Chop9ja.API.Models.ViewModels.DepositViewModel) 
2019-06-27 21:24:51.8151|INFO| Executed action method Chop9ja.API.Controllers.WalletController.Deposit (Chop9ja.API), returned result Microsoft.AspNetCore.Mvc.AcceptedResult in 2079.5228ms. 
2019-06-27 21:24:51.8151|TRACE| Action Filter: Before executing OnActionExecuted on filter Microsoft.AspNetCore.Mvc.Infrastructure.ModelStateInvalidFilter. 
2019-06-27 21:24:51.8151|TRACE| Action Filter: After executing OnActionExecuted on filter Microsoft.AspNetCore.Mvc.Infrastructure.ModelStateInvalidFilter. 
2019-06-27 21:24:51.8151|TRACE| Action Filter: Before executing OnActionExecuted on filter Microsoft.AspNetCore.Mvc.ModelBinding.UnsupportedContentTypeFilter. 
2019-06-27 21:24:51.8374|TRACE| Action Filter: After executing OnActionExecuted on filter Microsoft.AspNetCore.Mvc.ModelBinding.UnsupportedContentTypeFilter. 
2019-06-27 21:24:51.8489|TRACE| Result Filter: Before executing OnResultExecuting on filter Microsoft.AspNetCore.Mvc.ViewFeatures.Internal.SaveTempDataFilter. 
2019-06-27 21:24:51.8489|TRACE| Result Filter: After executing OnResultExecuting on filter Microsoft.AspNetCore.Mvc.ViewFeatures.Internal.SaveTempDataFilter. 
2019-06-27 21:24:51.8489|TRACE| Result Filter: Before executing OnResultExecuting on filter Microsoft.AspNetCore.Mvc.Infrastructure.ClientErrorResultFilter. 
2019-06-27 21:24:51.8489|TRACE| Result Filter: After executing OnResultExecuting on filter Microsoft.AspNetCore.Mvc.Infrastructure.ClientErrorResultFilter. 
2019-06-27 21:24:51.8673|TRACE| Before executing action result Microsoft.AspNetCore.Mvc.AcceptedResult. 
2019-06-27 21:24:51.8673|DEBUG| List of registered output formatters, in the following order: Microsoft.AspNetCore.Mvc.Formatters.HttpNoContentOutputFormatter, Microsoft.AspNetCore.Mvc.Formatters.StringOutputFormatter, Microsoft.AspNetCore.Mvc.Formatters.StreamOutputFormatter, Microsoft.AspNetCore.Mvc.Formatters.JsonOutputFormatter 
2019-06-27 21:24:51.8673|DEBUG| No information found on request to perform content negotiation. 
2019-06-27 21:24:51.8673|DEBUG| Attempting to select an output formatter without using a content type as no explicit content types were specified for the response. 
2019-06-27 21:24:51.8877|DEBUG| Attempting to select the first formatter in the output formatters list which can write the result. 
2019-06-27 21:24:51.8900|DEBUG| Selected output formatter 'Microsoft.AspNetCore.Mvc.Formatters.StringOutputFormatter' and content type 'text/plain' to write the response. 
2019-06-27 21:24:51.8900|INFO| Executing ObjectResult, writing value of type 'System.String'. 
2019-06-27 21:24:51.8900|TRACE| After executing action result Microsoft.AspNetCore.Mvc.AcceptedResult. 
2019-06-27 21:24:51.9165|TRACE| Result Filter: Before executing OnResultExecuted on filter Microsoft.AspNetCore.Mvc.Infrastructure.ClientErrorResultFilter. 
2019-06-27 21:24:51.9232|TRACE| Result Filter: After executing OnResultExecuted on filter Microsoft.AspNetCore.Mvc.Infrastructure.ClientErrorResultFilter. 
2019-06-27 21:24:51.9232|TRACE| Result Filter: Before executing OnResultExecuted on filter Microsoft.AspNetCore.Mvc.ViewFeatures.Internal.SaveTempDataFilter. 
2019-06-27 21:24:51.9232|TRACE| Result Filter: After executing OnResultExecuted on filter Microsoft.AspNetCore.Mvc.ViewFeatures.Internal.SaveTempDataFilter. 
2019-06-27 21:24:51.9232|TRACE| Resource Filter: Before executing OnResourceExecuted on filter Microsoft.AspNetCore.Mvc.ViewFeatures.Internal.SaveTempDataFilter. 
2019-06-27 21:24:51.9377|TRACE| Resource Filter: After executing OnResourceExecuted on filter Microsoft.AspNetCore.Mvc.ViewFeatures.Internal.SaveTempDataFilter. 
2019-06-27 21:24:51.9377|INFO| Executed action Chop9ja.API.Controllers.WalletController.Deposit (Chop9ja.API) in 4301.3825ms 
2019-06-27 21:24:51.9377|INFO| Executed endpoint 'Chop9ja.API.Controllers.WalletController.Deposit (Chop9ja.API)' 
2019-06-27 21:24:51.9377|DEBUG| Connection id "0HLNR7LQBLRMV" completed keep alive response. 
2019-06-27 21:24:51.9545|INFO| Request finished in 4515.0482ms 202 text/plain; charset=utf-8 
2019-06-27 21:25:49.6739|DEBUG| Connection id "0HLNR7LQBLRN0" started. 
2019-06-27 21:25:49.7451|DEBUG| Connection id "0HLNR7LQBLRN1" started. 
2019-06-27 21:25:50.1402|INFO| Request starting HTTP/1.1 GET http://localhost:5000/api/docs/redoc   
2019-06-27 21:25:50.1590|TRACE| All hosts are allowed. 
2019-06-27 21:25:50.1590|DEBUG| The request is insecure. Skipping HSTS header. 
2019-06-27 21:25:50.1590|DEBUG| AuthenticationScheme: Bearer was not authenticated. 
2019-06-27 21:25:50.1733|DEBUG| The request path  does not match the path filter 
2019-06-27 21:25:50.2377|DEBUG| Connection id "0HLNR7LQBLRN1" completed keep alive response. 
2019-06-27 21:25:50.2377|INFO| Request finished in 105.1128ms 302  
2019-06-27 21:25:50.5149|DEBUG| Connection id "0HLNR7LQBLRN0" received FIN. 
2019-06-27 21:25:50.5175|DEBUG| Connection id "0HLNR7LQBLRN1" received FIN. 
2019-06-27 21:25:50.5312|DEBUG| Connection id "0HLNR7LQBLRN0" sending FIN because: "The client closed the connection." 
2019-06-27 21:25:50.5312|DEBUG| Connection id "0HLNR7LQBLRN0" disconnecting. 
2019-06-27 21:25:50.5312|DEBUG| Connection id "0HLNR7LQBLRN1" sending FIN because: "The client closed the connection." 
2019-06-27 21:25:50.5312|DEBUG| Connection id "0HLNR7LQBLRN1" disconnecting. 
2019-06-27 21:25:50.5312|DEBUG| Connection id "0HLNR7LQBLRN0" stopped. 
2019-06-27 21:25:50.5312|DEBUG| Connection id "0HLNR7LQBLRN1" stopped. 
2019-06-27 21:25:51.2973|DEBUG| Connection id "0HLNR7LQBLRN2" started. 
2019-06-27 21:25:51.2973|INFO| Request starting HTTP/1.1 GET http://localhost:5000/api/docs/redoc/index.html?url=/api/docs/swagger/Chop9ja%20API%20v0-1/swagger.json   
2019-06-27 21:25:51.3182|TRACE| All hosts are allowed. 
2019-06-27 21:25:51.3332|DEBUG| The request is insecure. Skipping HSTS header. 
2019-06-27 21:25:51.3332|DEBUG| AuthenticationScheme: Bearer was not authenticated. 
2019-06-27 21:25:51.3474|DEBUG| The request path  does not match the path filter 
2019-06-27 21:25:51.4055|DEBUG| Connection id "0HLNR7LQBLRN2" completed keep alive response. 
2019-06-27 21:25:51.4295|INFO| Request finished in 128.6104ms 200 text/html; charset=utf-8 
2019-06-27 21:26:00.5152|DEBUG| Connection id "0HLNR7LQBLRN2" received FIN. 
2019-06-27 21:26:00.5152|DEBUG| Connection id "0HLNR7LQBLRN2" sending FIN because: "The client closed the connection." 
2019-06-27 21:26:00.5152|DEBUG| Connection id "0HLNR7LQBLRN2" disconnecting. 
2019-06-27 21:26:00.5152|DEBUG| Connection id "0HLNR7LQBLRN2" stopped. 
2019-06-27 21:26:02.7428|DEBUG| Connection id "0HLNR7LQBLRN3" started. 
2019-06-27 21:26:02.7428|INFO| Request starting HTTP/1.1 GET http://localhost:5000/api/docs/swagger/Chop9ja API v0-1/swagger.json   
2019-06-27 21:26:02.7523|TRACE| All hosts are allowed. 
2019-06-27 21:26:02.7523|DEBUG| The request is insecure. Skipping HSTS header. 
2019-06-27 21:26:02.7523|DEBUG| AuthenticationScheme: Bearer was not authenticated. 
2019-06-27 21:26:18.5526|DEBUG| Connection id "0HLNR7LQBLRN3" completed keep alive response. 
2019-06-27 21:26:18.5638|INFO| Request finished in 15816.424ms 200 application/json; charset=utf-8 
2019-06-27 21:26:20.5622|DEBUG| Connection id "0HLNR7LQBLRN3" received FIN. 
2019-06-27 21:26:20.6462|DEBUG| Connection id "0HLNR7LQBLRN3" sending FIN because: "The client closed the connection." 
2019-06-27 21:26:20.6462|DEBUG| Connection id "0HLNR7LQBLRN3" disconnecting. 
2019-06-27 21:26:20.6957|DEBUG| Connection id "0HLNR7LQBLRN3" stopped. 
2019-06-27 21:26:53.1095|DEBUG| Connection id "0HLNR7LQBLRMV" disconnecting. 
2019-06-27 21:26:53.1095|DEBUG| Connection id "0HLNR7LQBLRMV" sending FIN because: "The Socket transport's send loop completed gracefully." 
2019-06-27 21:26:53.1479|DEBUG| Connection id "0HLNR7LQBLRMV" stopped. 
2019-06-27 21:27:12.1698|DEBUG| Connection id "0HLNR7LQBLRN4" started. 
2019-06-27 21:27:12.1816|INFO| Request starting HTTP/1.1 POST http://c9dae43d.ngrok.io/api/webhooks/paystack application/json; charset=utf-8 1182 
2019-06-27 21:27:12.1816|TRACE| All hosts are allowed. 
2019-06-27 21:27:12.1816|DEBUG| The request is insecure. Skipping HSTS header. 
2019-06-27 21:27:12.1975|DEBUG| AuthenticationScheme: Bearer was not authenticated. 
2019-06-27 21:27:12.1975|DEBUG| POST requests are not supported 
2019-06-27 21:27:12.2121|DEBUG| POST requests are not supported 
2019-06-27 21:27:12.2205|DEBUG| 1 candidate(s) found for the request path '/api/webhooks/paystack' 
2019-06-27 21:27:12.2205|DEBUG| Endpoint 'Chop9ja.API.Controllers.WebHookController.Paystack (Chop9ja.API)' with route pattern 'api/webhooks/paystack' is valid for the request path '/api/webhooks/paystack' 
2019-06-27 21:27:12.2205|DEBUG| Request matched endpoint 'Chop9ja.API.Controllers.WebHookController.Paystack (Chop9ja.API)' 
2019-06-27 21:27:12.2205|INFO| Executing endpoint 'Chop9ja.API.Controllers.WebHookController.Paystack (Chop9ja.API)' 
2019-06-27 21:27:12.2616|INFO| Route matched with {action = "Paystack", controller = "WebHook"}. Executing controller action with signature System.Threading.Tasks.Task`1[Microsoft.AspNetCore.Mvc.IActionResult] Paystack(Chop9ja.API.Models.Responses.PaystackTransactionResponse) on controller Chop9ja.API.Controllers.WebHookController (Chop9ja.API). 
2019-06-27 21:27:12.2616|DEBUG| Execution plan of authorization filters (in the following order): None 
2019-06-27 21:27:12.2843|DEBUG| Execution plan of resource filters (in the following order): Microsoft.AspNetCore.Mvc.ViewFeatures.Internal.SaveTempDataFilter 
2019-06-27 21:27:12.3019|DEBUG| Execution plan of action filters (in the following order): Microsoft.AspNetCore.Mvc.ModelBinding.UnsupportedContentTypeFilter (Order: -3000), Microsoft.AspNetCore.Mvc.Infrastructure.ModelStateInvalidFilter (Order: -2000) 
2019-06-27 21:27:12.3134|DEBUG| Execution plan of exception filters (in the following order): None 
2019-06-27 21:27:12.3134|DEBUG| Execution plan of result filters (in the following order): Microsoft.AspNetCore.Mvc.ViewFeatures.Internal.SaveTempDataFilter, Microsoft.AspNetCore.Mvc.Infrastructure.ClientErrorResultFilter (Order: -2000) 
2019-06-27 21:27:12.3134|TRACE| Resource Filter: Before executing OnResourceExecuting on filter Microsoft.AspNetCore.Mvc.ViewFeatures.Internal.SaveTempDataFilter. 
2019-06-27 21:27:12.3134|TRACE| Resource Filter: After executing OnResourceExecuting on filter Microsoft.AspNetCore.Mvc.ViewFeatures.Internal.SaveTempDataFilter. 
2019-06-27 21:27:20.3254|DEBUG| Hosting shutdown 
2019-06-27 21:27:23.4573|DEBUG| Attempting to bind parameter 'response' of type 'Chop9ja.API.Models.Responses.PaystackTransactionResponse' ... 
2019-06-27 21:27:23.4573|DEBUG| Attempting to bind parameter 'response' of type 'Chop9ja.API.Models.Responses.PaystackTransactionResponse' using the name '' in request data ... 
2019-06-27 21:27:23.4573|DEBUG| Rejected input formatter 'Microsoft.AspNetCore.Mvc.Formatters.JsonPatchInputFormatter' for content type 'application/json; charset=utf-8'. 
2019-06-27 21:27:23.4738|DEBUG| Selected input formatter 'Microsoft.AspNetCore.Mvc.Formatters.JsonInputFormatter' for content type 'application/json; charset=utf-8'. 
2019-06-27 21:27:23.4738|DEBUG| Connection id "0HLNR7LQBLRN4", Request id "0HLNR7LQBLRN4:00000001": started reading request body. 
2019-06-27 21:27:23.4738|DEBUG| Connection id "0HLNR7LQBLRN4", Request id "0HLNR7LQBLRN4:00000001": done reading request body. 
2019-06-27 21:27:23.4906|DEBUG| Done attempting to bind parameter 'response' of type 'Chop9ja.API.Models.Responses.PaystackTransactionResponse'. 
2019-06-27 21:27:23.5006|DEBUG| Done attempting to bind parameter 'response' of type 'Chop9ja.API.Models.Responses.PaystackTransactionResponse'. 
2019-06-27 21:27:23.5189|DEBUG| Attempting to validate the bound parameter 'response' of type 'Chop9ja.API.Models.Responses.PaystackTransactionResponse' ... 
2019-06-27 21:27:23.5189|DEBUG| Done attempting to validate the bound parameter 'response' of type 'Chop9ja.API.Models.Responses.PaystackTransactionResponse'. 
2019-06-27 21:27:23.5189|TRACE| Action Filter: Before executing OnActionExecuting on filter Microsoft.AspNetCore.Mvc.ModelBinding.UnsupportedContentTypeFilter. 
2019-06-27 21:27:23.5403|TRACE| Action Filter: After executing OnActionExecuting on filter Microsoft.AspNetCore.Mvc.ModelBinding.UnsupportedContentTypeFilter. 
2019-06-27 21:27:23.5403|TRACE| Action Filter: Before executing OnActionExecuting on filter Microsoft.AspNetCore.Mvc.Infrastructure.ModelStateInvalidFilter. 
2019-06-27 21:27:23.5403|TRACE| Action Filter: After executing OnActionExecuting on filter Microsoft.AspNetCore.Mvc.Infrastructure.ModelStateInvalidFilter. 
2019-06-27 21:27:23.5474|INFO| Executing action method Chop9ja.API.Controllers.WebHookController.Paystack (Chop9ja.API) - Validation state: Valid 
2019-06-27 21:27:23.5474|TRACE| Executing action method Chop9ja.API.Controllers.WebHookController.Paystack (Chop9ja.API) with arguments (Chop9ja.API.Models.Responses.PaystackTransactionResponse) 
2019-06-27 21:27:25.3368|DEBUG| Some connections failed to close gracefully during server shutdown. 
2019-06-27 21:27:25.3368|DEBUG| Connection id "0HLNR7LQBLRN4" sending FIN because: "The connection was aborted because the server is shutting down and request processing didn't complete within the time specified by HostOptions.ShutdownTimeout." 
2019-06-27 21:27:25.3509|DEBUG| Connection id "0HLNR7LQBLRN4" disconnecting. 
2019-06-27 21:27:26.3457|DEBUG| Some connections failed to abort during server shutdown. 
